This is pdfTeX, Version 3.14159265-2.6-1.40.19 (MiKTeX 2.9.6630 64-bit) (preloaded format=pdflatex 2018.3.16)  21 MAR 2018 15:55
entering extended mode
**./Configuracion.tex
(Configuracion.tex
LaTeX2e <2017-04-15>
Babel <3.18> and hyphenation patterns for 75 language(s) loaded.
("C:\Program Files\MiKTeX 2.9\tex\latex\base\article.cls"
Document Class: article 2014/09/29 v1.4h Standard LaTeX document class
("C:\Program Files\MiKTeX 2.9\tex\latex\base\size10.clo"
File: size10.clo 2014/09/29 v1.4h Standard LaTeX file (size option)
)
\c@part=\count79
\c@section=\count80
\c@subsection=\count81
\c@subsubsection=\count82
\c@paragraph=\count83
\c@subparagraph=\count84
\c@figure=\count85
\c@table=\count86
\abovecaptionskip=\skip41
\belowcaptionskip=\skip42
\bibindent=\dimen102
) ("C:\Program Files\MiKTeX 2.9\tex\generic\babel\babel.sty"
Package: babel 2018/02/14 3.18 The Babel package

("C:\Program Files\MiKTeX 2.9\tex\generic\babel\switch.def"
File: switch.def 2018/02/14 3.18 Babel switching mechanism
)
*************************************
* Local config file bblopts.cfg used
*
("C:\Program Files\MiKTeX 2.9\tex\latex\arabi\bblopts.cfg"
File: bblopts.cfg 2005/09/08 v0.1 add Arabic and Farsi to "declared" options of babel
)
("C:\Program Files\MiKTeX 2.9\tex\latex\babel-spanish\spanish.ldf"
Language: spanish.ldf 2016/03/03 v5.0p Spanish support from the babel system

("C:\Program Files\MiKTeX 2.9\tex\generic\babel\babel.def"
File: babel.def 2018/02/14 3.18 Babel common definitions
\babel@savecnt=\count87
\U@D=\dimen103
 ("C:\Program Files\MiKTeX 2.9\tex\generic\babel\txtbabel.def")
\bbl@dirlevel=\count88
)
\es@quottoks=\toks14
\es@quotdepth=\count89
Package babel Info: Making " an active character on input line 561.
Package babel Info: Making . an active character on input line 662.
Package babel Info: Making < an active character on input line 707.
Package babel Info: Making > an active character on input line 707.
)) ("C:\Program Files\MiKTeX 2.9\tex\latex\base\inputenc.sty"
Package: inputenc 2015/03/17 v1.2c Input encoding file
\inpenc@prehook=\toks15
\inpenc@posthook=\toks16
 ("C:\Program Files\MiKTeX 2.9\tex\latex\base\ansinew.def"
File: ansinew.def 2015/03/17 v1.2c Input encoding file
)) ("C:\Program Files\MiKTeX 2.9\tex\latex\geometry\geometry.sty"
Package: geometry 2010/09/12 v5.6 Page Geometry

("C:\Program Files\MiKTeX 2.9\tex\latex\graphics\keyval.sty"
Package: keyval 2014/10/28 v1.15 key=value parser (DPC)
\KV@toks@=\toks17
)
("C:\Program Files\MiKTeX 2.9\tex\generic\oberdiek\ifpdf.sty"
Package: ifpdf 2017/03/15 v3.2 Provides the ifpdf switch
)
("C:\Program Files\MiKTeX 2.9\tex\generic\oberdiek\ifvtex.sty"
Package: ifvtex 2016/05/16 v1.6 Detect VTeX and its facilities (HO)
Package ifvtex Info: VTeX not detected.
)
("C:\Program Files\MiKTeX 2.9\tex\generic\ifxetex\ifxetex.sty"
Package: ifxetex 2010/09/12 v0.6 Provides ifxetex conditional
)
\Gm@cnth=\count90
\Gm@cntv=\count91
\c@Gm@tempcnt=\count92
\Gm@bindingoffset=\dimen104
\Gm@wd@mp=\dimen105
\Gm@odd@mp=\dimen106
\Gm@even@mp=\dimen107
\Gm@layoutwidth=\dimen108
\Gm@layoutheight=\dimen109
\Gm@layouthoffset=\dimen110
\Gm@layoutvoffset=\dimen111
\Gm@dimlist=\toks18

("C:\Program Files\MiKTeX 2.9\tex\latex\geometry\geometry.cfg"))
("C:\Program Files\MiKTeX 2.9\tex\latex\graphics\graphicx.sty"
Package: graphicx 2017/06/01 v1.1a Enhanced LaTeX Graphics (DPC,SPQR)

("C:\Program Files\MiKTeX 2.9\tex\latex\graphics\graphics.sty"
Package: graphics 2017/06/25 v1.2c Standard LaTeX Graphics (DPC,SPQR)
 ("C:\Program Files\MiKTeX 2.9\tex\latex\graphics\trig.sty"
Package: trig 2016/01/03 v1.10 sin cos tan (DPC)
) ("C:\Program Files\MiKTeX 2.9\tex\latex\graphics-cfg\graphics.cfg"
File: graphics.cfg 2016/06/04 v1.11 sample graphics configuration
)
Package graphics Info: Driver file: pdftex.def on input line 99.

("C:\Program Files\MiKTeX 2.9\tex\latex\graphics-def\pdftex.def"
File: pdftex.def 2018/01/08 v1.0l Graphics/color driver for pdftex
))
\Gin@req@height=\dimen112
\Gin@req@width=\dimen113
)
("C:\Program Files\MiKTeX 2.9\tex\latex\wrapfig\wrapfig.sty"
\wrapoverhang=\dimen114
\WF@size=\dimen115
\c@WF@wrappedlines=\count93
\WF@box=\box26
\WF@everypar=\toks19
Package: wrapfig 2003/01/31  v 3.6
) ("C:\Program Files\MiKTeX 2.9\tex\latex\ms\ragged2e.sty"
Package: ragged2e 2009/05/21 v2.1 ragged2e Package (MS)

("C:\Program Files\MiKTeX 2.9\tex\latex\ms\everysel.sty"
Package: everysel 2011/10/28 v1.2 EverySelectfont Package (MS)
)
\CenteringLeftskip=\skip43
\RaggedLeftLeftskip=\skip44
\RaggedRightLeftskip=\skip45
\CenteringRightskip=\skip46
\RaggedLeftRightskip=\skip47
\RaggedRightRightskip=\skip48
\CenteringParfillskip=\skip49
\RaggedLeftParfillskip=\skip50
\RaggedRightParfillskip=\skip51
\JustifyingParfillskip=\skip52
\CenteringParindent=\skip53
\RaggedLeftParindent=\skip54
\RaggedRightParindent=\skip55
\JustifyingParindent=\skip56
) ("C:\Program Files\MiKTeX 2.9\tex\latex\xcolor\xcolor.sty"
Package: xcolor 2016/05/11 v2.12 LaTeX color extensions (UK)

("C:\Program Files\MiKTeX 2.9\tex\latex\graphics-cfg\color.cfg"
File: color.cfg 2016/01/02 v1.6 sample color configuration
)
Package xcolor Info: Driver file: pdftex.def on input line 225.

("C:\Program Files\MiKTeX 2.9\tex\latex\colortbl\colortbl.sty"
Package: colortbl 2012/02/13 v1.0a Color table columns (DPC)
 ("C:\Program Files\MiKTeX 2.9\tex\latex\tools\array.sty"
Package: array 2016/10/06 v2.4d Tabular extension package (FMi)
\col@sep=\dimen116
\extrarowheight=\dimen117
\NC@list=\toks20
\extratabsurround=\skip57
\backup@length=\skip58
)
\everycr=\toks21
\minrowclearance=\skip59
)
\rownum=\count94
Package xcolor Info: Model `cmy' substituted by `cmy0' on input line 1348.
Package xcolor Info: Model `hsb' substituted by `rgb' on input line 1352.
Package xcolor Info: Model `RGB' extended on input line 1364.
Package xcolor Info: Model `HTML' substituted by `rgb' on input line 1366.
Package xcolor Info: Model `Hsb' substituted by `hsb' on input line 1367.
Package xcolor Info: Model `tHsb' substituted by `hsb' on input line 1368.
Package xcolor Info: Model `HSB' substituted by `hsb' on input line 1369.
Package xcolor Info: Model `Gray' substituted by `gray' on input line 1370.
Package xcolor Info: Model `wave' substituted by `hsb' on input line 1371.
) ("C:\Program Files\MiKTeX 2.9\tex\latex\tools\hhline.sty"
Package: hhline 2014/10/28 v2.03 Table rule package (DPC)
) ("C:\Program Files\MiKTeX 2.9\tex\latex\tools\tabularx.sty"
Package: tabularx 2016/02/03 v2.11 `tabularx' package (DPC)
\TX@col@width=\dimen118
\TX@old@table=\dimen119
\TX@old@col=\dimen120
\TX@target=\dimen121
\TX@delta=\dimen122
\TX@cols=\count95
\TX@ftn=\toks22
) ("C:\Program Files\MiKTeX 2.9\tex\latex\pgf\frontendlayer\tikz.sty"
("C:\Program Files\MiKTeX 2.9\tex\latex\pgf\basiclayer\pgf.sty"
("C:\Program Files\MiKTeX 2.9\tex\latex\pgf\utilities\pgfrcs.sty"
("C:\Program Files\MiKTeX 2.9\tex\generic\pgf\utilities\pgfutil-common.tex"
\pgfutil@everybye=\toks23
\pgfutil@tempdima=\dimen123
\pgfutil@tempdimb=\dimen124

("C:\Program Files\MiKTeX 2.9\tex\generic\pgf\utilities\pgfutil-common-lists.tex"))
("C:\Program Files\MiKTeX 2.9\tex\generic\pgf\utilities\pgfutil-latex.def"
\pgfutil@abb=\box27

("C:\Program Files\MiKTeX 2.9\tex\latex\ms\everyshi.sty"
Package: everyshi 2001/05/15 v3.00 EveryShipout Package (MS)
))
("C:\Program Files\MiKTeX 2.9\tex\generic\pgf\utilities\pgfrcs.code.tex"
Package: pgfrcs 2015/08/07 v3.0.1a (rcs-revision 1.31)
))
Package: pgf 2015/08/07 v3.0.1a (rcs-revision 1.15)

("C:\Program Files\MiKTeX 2.9\tex\latex\pgf\basiclayer\pgfcore.sty"
("C:\Program Files\MiKTeX 2.9\tex\latex\pgf\systemlayer\pgfsys.sty"
("C:\Program Files\MiKTeX 2.9\tex\generic\pgf\systemlayer\pgfsys.code.tex"
Package: pgfsys 2014/07/09 v3.0.1a (rcs-revision 1.48)

("C:\Program Files\MiKTeX 2.9\tex\generic\pgf\utilities\pgfkeys.code.tex"
\pgfkeys@pathtoks=\toks24
\pgfkeys@temptoks=\toks25

("C:\Program Files\MiKTeX 2.9\tex\generic\pgf\utilities\pgfkeysfiltered.code.tex"
\pgfkeys@tmptoks=\toks26
))
\pgf@x=\dimen125
\pgf@y=\dimen126
\pgf@xa=\dimen127
\pgf@ya=\dimen128
\pgf@xb=\dimen129
\pgf@yb=\dimen130
\pgf@xc=\dimen131
\pgf@yc=\dimen132
\w@pgf@writea=\write3
\r@pgf@reada=\read1
\c@pgf@counta=\count96
\c@pgf@countb=\count97
\c@pgf@countc=\count98
\c@pgf@countd=\count99
\t@pgf@toka=\toks27
\t@pgf@tokb=\toks28
\t@pgf@tokc=\toks29

("C:\Program Files\MiKTeX 2.9\tex\generic\pgf\systemlayer\pgf.cfg"
File: pgf.cfg 2008/05/14  (rcs-revision 1.7)
)
Driver file for pgf: pgfsys-pdftex.def

("C:\Program Files\MiKTeX 2.9\tex\generic\pgf\systemlayer\pgfsys-pdftex.def"
File: pgfsys-pdftex.def 2014/10/11  (rcs-revision 1.35)

("C:\Program Files\MiKTeX 2.9\tex\generic\pgf\systemlayer\pgfsys-common-pdf.def"
File: pgfsys-common-pdf.def 2013/10/10  (rcs-revision 1.13)
)))
("C:\Program Files\MiKTeX 2.9\tex\generic\pgf\systemlayer\pgfsyssoftpath.code.tex"
File: pgfsyssoftpath.code.tex 2013/09/09  (rcs-revision 1.9)
\pgfsyssoftpath@smallbuffer@items=\count100
\pgfsyssoftpath@bigbuffer@items=\count101
)
("C:\Program Files\MiKTeX 2.9\tex\generic\pgf\systemlayer\pgfsysprotocol.code.tex"
File: pgfsysprotocol.code.tex 2006/10/16  (rcs-revision 1.4)
))
("C:\Program Files\MiKTeX 2.9\tex\generic\pgf\basiclayer\pgfcore.code.tex"
Package: pgfcore 2010/04/11 v3.0.1a (rcs-revision 1.7)

("C:\Program Files\MiKTeX 2.9\tex\generic\pgf\math\pgfmath.code.tex"
("C:\Program Files\MiKTeX 2.9\tex\generic\pgf\math\pgfmathcalc.code.tex"
("C:\Program Files\MiKTeX 2.9\tex\generic\pgf\math\pgfmathutil.code.tex")
("C:\Program Files\MiKTeX 2.9\tex\generic\pgf\math\pgfmathparser.code.tex"
\pgfmath@dimen=\dimen133
\pgfmath@count=\count102
\pgfmath@box=\box28
\pgfmath@toks=\toks30
\pgfmath@stack@operand=\toks31
\pgfmath@stack@operation=\toks32
)
("C:\Program Files\MiKTeX 2.9\tex\generic\pgf\math\pgfmathfunctions.code.tex"
("C:\Program Files\MiKTeX 2.9\tex\generic\pgf\math\pgfmathfunctions.basic.code.tex")
("C:\Program Files\MiKTeX 2.9\tex\generic\pgf\math\pgfmathfunctions.trigonometric.code.tex")
("C:\Program Files\MiKTeX 2.9\tex\generic\pgf\math\pgfmathfunctions.random.code.tex")
("C:\Program Files\MiKTeX 2.9\tex\generic\pgf\math\pgfmathfunctions.comparison.code.tex")
("C:\Program Files\MiKTeX 2.9\tex\generic\pgf\math\pgfmathfunctions.base.code.tex")
("C:\Program Files\MiKTeX 2.9\tex\generic\pgf\math\pgfmathfunctions.round.code.tex")
("C:\Program Files\MiKTeX 2.9\tex\generic\pgf\math\pgfmathfunctions.misc.code.tex")
("C:\Program Files\MiKTeX 2.9\tex\generic\pgf\math\pgfmathfunctions.integerarithmetics.code.tex")))
("C:\Program Files\MiKTeX 2.9\tex\generic\pgf\math\pgfmathfloat.code.tex"
\c@pgfmathroundto@lastzeros=\count103
))
("C:\Program Files\MiKTeX 2.9\tex\generic\pgf\basiclayer\pgfcorepoints.code.tex"
File: pgfcorepoints.code.tex 2013/10/07  (rcs-revision 1.27)
\pgf@picminx=\dimen134
\pgf@picmaxx=\dimen135
\pgf@picminy=\dimen136
\pgf@picmaxy=\dimen137
\pgf@pathminx=\dimen138
\pgf@pathmaxx=\dimen139
\pgf@pathminy=\dimen140
\pgf@pathmaxy=\dimen141
\pgf@xx=\dimen142
\pgf@xy=\dimen143
\pgf@yx=\dimen144
\pgf@yy=\dimen145
\pgf@zx=\dimen146
\pgf@zy=\dimen147
)
("C:\Program Files\MiKTeX 2.9\tex\generic\pgf\basiclayer\pgfcorepathconstruct.code.tex"
File: pgfcorepathconstruct.code.tex 2013/10/07  (rcs-revision 1.29)
\pgf@path@lastx=\dimen148
\pgf@path@lasty=\dimen149
)
("C:\Program Files\MiKTeX 2.9\tex\generic\pgf\basiclayer\pgfcorepathusage.code.tex"
File: pgfcorepathusage.code.tex 2014/11/02  (rcs-revision 1.24)
\pgf@shorten@end@additional=\dimen150
\pgf@shorten@start@additional=\dimen151
)
("C:\Program Files\MiKTeX 2.9\tex\generic\pgf\basiclayer\pgfcorescopes.code.tex"
File: pgfcorescopes.code.tex 2015/05/08  (rcs-revision 1.46)
\pgfpic=\box29
\pgf@hbox=\box30
\pgf@layerbox@main=\box31
\pgf@picture@serial@count=\count104
)
("C:\Program Files\MiKTeX 2.9\tex\generic\pgf\basiclayer\pgfcoregraphicstate.code.tex"
File: pgfcoregraphicstate.code.tex 2014/11/02  (rcs-revision 1.12)
\pgflinewidth=\dimen152
)
("C:\Program Files\MiKTeX 2.9\tex\generic\pgf\basiclayer\pgfcoretransformations.code.tex"
File: pgfcoretransformations.code.tex 2015/08/07  (rcs-revision 1.20)
\pgf@pt@x=\dimen153
\pgf@pt@y=\dimen154
\pgf@pt@temp=\dimen155
)
("C:\Program Files\MiKTeX 2.9\tex\generic\pgf\basiclayer\pgfcorequick.code.tex"
File: pgfcorequick.code.tex 2008/10/09  (rcs-revision 1.3)
)
("C:\Program Files\MiKTeX 2.9\tex\generic\pgf\basiclayer\pgfcoreobjects.code.tex"
File: pgfcoreobjects.code.tex 2006/10/11  (rcs-revision 1.2)
)
("C:\Program Files\MiKTeX 2.9\tex\generic\pgf\basiclayer\pgfcorepathprocessing.code.tex"
File: pgfcorepathprocessing.code.tex 2013/09/09  (rcs-revision 1.9)
)
("C:\Program Files\MiKTeX 2.9\tex\generic\pgf\basiclayer\pgfcorearrows.code.tex"
File: pgfcorearrows.code.tex 2015/05/14  (rcs-revision 1.43)
\pgfarrowsep=\dimen156
)
("C:\Program Files\MiKTeX 2.9\tex\generic\pgf\basiclayer\pgfcoreshade.code.tex"
File: pgfcoreshade.code.tex 2013/07/15  (rcs-revision 1.15)
\pgf@max=\dimen157
\pgf@sys@shading@range@num=\count105
)
("C:\Program Files\MiKTeX 2.9\tex\generic\pgf\basiclayer\pgfcoreimage.code.tex"
File: pgfcoreimage.code.tex 2013/07/15  (rcs-revision 1.18)

("C:\Program Files\MiKTeX 2.9\tex\generic\pgf\basiclayer\pgfcoreexternal.code.tex"
File: pgfcoreexternal.code.tex 2014/07/09  (rcs-revision 1.21)
\pgfexternal@startupbox=\box32
))
("C:\Program Files\MiKTeX 2.9\tex\generic\pgf\basiclayer\pgfcorelayers.code.tex"
File: pgfcorelayers.code.tex 2013/07/18  (rcs-revision 1.7)
)
("C:\Program Files\MiKTeX 2.9\tex\generic\pgf\basiclayer\pgfcoretransparency.code.tex"
File: pgfcoretransparency.code.tex 2013/09/30  (rcs-revision 1.5)
)
("C:\Program Files\MiKTeX 2.9\tex\generic\pgf\basiclayer\pgfcorepatterns.code.tex"
File: pgfcorepatterns.code.tex 2013/11/07  (rcs-revision 1.5)
)))
("C:\Program Files\MiKTeX 2.9\tex\generic\pgf\modules\pgfmoduleshapes.code.tex"
File: pgfmoduleshapes.code.tex 2014/03/21  (rcs-revision 1.35)
\pgfnodeparttextbox=\box33
)
("C:\Program Files\MiKTeX 2.9\tex\generic\pgf\modules\pgfmoduleplot.code.tex"
File: pgfmoduleplot.code.tex 2015/08/03  (rcs-revision 1.13)
)
("C:\Program Files\MiKTeX 2.9\tex\latex\pgf\compatibility\pgfcomp-version-0-65.sty"
Package: pgfcomp-version-0-65 2007/07/03 v3.0.1a (rcs-revision 1.7)
\pgf@nodesepstart=\dimen158
\pgf@nodesepend=\dimen159
)
("C:\Program Files\MiKTeX 2.9\tex\latex\pgf\compatibility\pgfcomp-version-1-18.sty"
Package: pgfcomp-version-1-18 2007/07/23 v3.0.1a (rcs-revision 1.1)
))
("C:\Program Files\MiKTeX 2.9\tex\latex\pgf\utilities\pgffor.sty"
("C:\Program Files\MiKTeX 2.9\tex\latex\pgf\utilities\pgfkeys.sty"
("C:\Program Files\MiKTeX 2.9\tex\generic\pgf\utilities\pgfkeys.code.tex"))
("C:\Program Files\MiKTeX 2.9\tex\latex\pgf\math\pgfmath.sty"
("C:\Program Files\MiKTeX 2.9\tex\generic\pgf\math\pgfmath.code.tex"))
("C:\Program Files\MiKTeX 2.9\tex\generic\pgf\utilities\pgffor.code.tex"
Package: pgffor 2013/12/13 v3.0.1a (rcs-revision 1.25)

("C:\Program Files\MiKTeX 2.9\tex\generic\pgf\math\pgfmath.code.tex")
\pgffor@iter=\dimen160
\pgffor@skip=\dimen161
\pgffor@stack=\toks33
\pgffor@toks=\toks34
))
("C:\Program Files\MiKTeX 2.9\tex\generic\pgf\frontendlayer\tikz\tikz.code.tex"
Package: tikz 2015/08/07 v3.0.1a (rcs-revision 1.151)

("C:\Program Files\MiKTeX 2.9\tex\generic\pgf\libraries\pgflibraryplothandlers.code.tex"
File: pgflibraryplothandlers.code.tex 2013/08/31 v3.0.1a (rcs-revision 1.20)
\pgf@plot@mark@count=\count106
\pgfplotmarksize=\dimen162
)
\tikz@lastx=\dimen163
\tikz@lasty=\dimen164
\tikz@lastxsaved=\dimen165
\tikz@lastysaved=\dimen166
\tikzleveldistance=\dimen167
\tikzsiblingdistance=\dimen168
\tikz@figbox=\box34
\tikz@figbox@bg=\box35
\tikz@tempbox=\box36
\tikz@tempbox@bg=\box37
\tikztreelevel=\count107
\tikznumberofchildren=\count108
\tikznumberofcurrentchild=\count109
\tikz@fig@count=\count110

("C:\Program Files\MiKTeX 2.9\tex\generic\pgf\modules\pgfmodulematrix.code.tex"
File: pgfmodulematrix.code.tex 2013/09/17  (rcs-revision 1.8)
\pgfmatrixcurrentrow=\count111
\pgfmatrixcurrentcolumn=\count112
\pgf@matrix@numberofcolumns=\count113
)
\tikz@expandcount=\count114

("C:\Program Files\MiKTeX 2.9\tex\generic\pgf\frontendlayer\tikz\libraries\tikzlibrarytopaths.code.tex"
File: tikzlibrarytopaths.code.tex 2008/06/17 v3.0.1a (rcs-revision 1.2)
)))
("C:\Program Files\MiKTeX 2.9\tex\latex\tools\enumerate.sty"
Package: enumerate 2015/07/23 v3.00 enumerate extensions (DPC)
\@enLab=\toks35
)
("C:\Program Files\MiKTeX 2.9\tex\latex\hyperref\hyperref.sty"
Package: hyperref 2018/02/06 v6.86b Hypertext links for LaTeX

("C:\Program Files\MiKTeX 2.9\tex\generic\oberdiek\hobsub-hyperref.sty"
Package: hobsub-hyperref 2016/05/16 v1.14 Bundle oberdiek, subset hyperref (HO)

("C:\Program Files\MiKTeX 2.9\tex\generic\oberdiek\hobsub-generic.sty"
Package: hobsub-generic 2016/05/16 v1.14 Bundle oberdiek, subset generic (HO)
Package: hobsub 2016/05/16 v1.14 Construct package bundles (HO)
Package: infwarerr 2016/05/16 v1.4 Providing info/warning/error messages (HO)
Package: ltxcmds 2016/05/16 v1.23 LaTeX kernel commands for general use (HO)
Package: ifluatex 2016/05/16 v1.4 Provides the ifluatex switch (HO)
Package ifluatex Info: LuaTeX not detected.
Package hobsub Info: Skipping package `ifvtex' (already loaded).
Package: intcalc 2016/05/16 v1.2 Expandable calculations with integers (HO)
Package hobsub Info: Skipping package `ifpdf' (already loaded).
Package: etexcmds 2016/05/16 v1.6 Avoid name clashes with e-TeX commands (HO)
Package etexcmds Info: Could not find \expanded.
(etexcmds)             That can mean that you are not using pdfTeX 1.50 or
(etexcmds)             that some package has redefined \expanded.
(etexcmds)             In the latter case, load this package earlier.
Package: kvsetkeys 2016/05/16 v1.17 Key value parser (HO)
Package: kvdefinekeys 2016/05/16 v1.4 Define keys (HO)
Package: pdftexcmds 2018/01/21 v0.26 Utility functions of pdfTeX for LuaTeX (HO)
Package pdftexcmds Info: LuaTeX not detected.
Package pdftexcmds Info: \pdf@primitive is available.
Package pdftexcmds Info: \pdf@ifprimitive is available.
Package pdftexcmds Info: \pdfdraftmode found.
Package: pdfescape 2016/05/16 v1.14 Implements pdfTeX's escape features (HO)
Package: bigintcalc 2016/05/16 v1.4 Expandable calculations on big integers (HO)
Package: bitset 2016/05/16 v1.2 Handle bit-vector datatype (HO)
Package: uniquecounter 2016/05/16 v1.3 Provide unlimited unique counter (HO)
)
Package hobsub Info: Skipping package `hobsub' (already loaded).
Package: letltxmacro 2016/05/16 v1.5 Let assignment for LaTeX macros (HO)
Package: hopatch 2016/05/16 v1.3 Wrapper for package hooks (HO)
Package: xcolor-patch 2016/05/16 xcolor patch
Package: atveryend 2016/05/16 v1.9 Hooks at the very end of document (HO)
Package atveryend Info: \enddocument detected (standard20110627).
Package: atbegshi 2016/06/09 v1.18 At begin shipout hook (HO)
Package: refcount 2016/05/16 v3.5 Data extraction from label references (HO)
Package: hycolor 2016/05/16 v1.8 Color options for hyperref/bookmark (HO)
)
("C:\Program Files\MiKTeX 2.9\tex\latex\oberdiek\auxhook.sty"
Package: auxhook 2016/05/16 v1.4 Hooks for auxiliary files (HO)
)
("C:\Program Files\MiKTeX 2.9\tex\latex\oberdiek\kvoptions.sty"
Package: kvoptions 2016/05/16 v3.12 Key value format for package options (HO)
)
\@linkdim=\dimen169
\Hy@linkcounter=\count115
\Hy@pagecounter=\count116

("C:\Program Files\MiKTeX 2.9\tex\latex\hyperref\pd1enc.def"
File: pd1enc.def 2018/02/06 v6.86b Hyperref: PDFDocEncoding definition (HO)
)
\Hy@SavedSpaceFactor=\count117

("C:\Program Files\MiKTeX 2.9\tex\latex\00miktex\hyperref.cfg"
File: hyperref.cfg 2002/06/06 v1.2 hyperref configuration of TeXLive
)
Package hyperref Info: Option `colorlinks' set `true' on input line 4383.
Package hyperref Info: Hyper figures OFF on input line 4509.
Package hyperref Info: Link nesting OFF on input line 4514.
Package hyperref Info: Hyper index ON on input line 4517.
Package hyperref Info: Plain pages OFF on input line 4524.
Package hyperref Info: Backreferencing OFF on input line 4529.
Package hyperref Info: Implicit mode ON; LaTeX internals redefined.
Package hyperref Info: Bookmarks ON on input line 4762.
\c@Hy@tempcnt=\count118
 ("C:\Program Files\MiKTeX 2.9\tex\latex\url\url.sty"
\Urlmuskip=\muskip10
Package: url 2013/09/16  ver 3.4  Verb mode for urls, etc.
)
LaTeX Info: Redefining \url on input line 5115.
\XeTeXLinkMargin=\dimen170
\Fld@menulength=\count119
\Field@Width=\dimen171
\Fld@charsize=\dimen172
Package hyperref Info: Hyper figures OFF on input line 6369.
Package hyperref Info: Link nesting OFF on input line 6374.
Package hyperref Info: Hyper index ON on input line 6377.
Package hyperref Info: backreferencing OFF on input line 6384.
Package hyperref Info: Link coloring ON on input line 6387.
Package hyperref Info: Link coloring with OCG OFF on input line 6394.
Package hyperref Info: PDF/A mode OFF on input line 6399.
LaTeX Info: Redefining \ref on input line 6439.
LaTeX Info: Redefining \pageref on input line 6443.
\Hy@abspage=\count120
\c@Item=\count121
\c@Hfootnote=\count122
)
Package hyperref Info: Driver (autodetected): hpdftex.

("C:\Program Files\MiKTeX 2.9\tex\latex\hyperref\hpdftex.def"
File: hpdftex.def 2018/02/06 v6.86b Hyperref driver for pdfTeX
\Fld@listcount=\count123
\c@bookmark@seq@number=\count124

("C:\Program Files\MiKTeX 2.9\tex\latex\oberdiek\rerunfilecheck.sty"
Package: rerunfilecheck 2016/05/16 v1.8 Rerun checks for auxiliary files (HO)
Package uniquecounter Info: New unique counter `rerunfilecheck' on input line 282.
)
\Hy@SectionHShift=\skip60
)
("C:\Program Files\MiKTeX 2.9\tex\latex\cleveref\cleveref.sty"
Package: cleveref 2018/03/03 v0.21.3 Intelligent cross-referencing
Package cleveref Info: `hyperref' support loaded on input line 2234.
LaTeX Info: Redefining \cref on input line 2234.
LaTeX Info: Redefining \Cref on input line 2234.
LaTeX Info: Redefining \crefrange on input line 2234.
LaTeX Info: Redefining \Crefrange on input line 2234.
LaTeX Info: Redefining \cpageref on input line 2234.
LaTeX Info: Redefining \Cpageref on input line 2234.
LaTeX Info: Redefining \cpagerefrange on input line 2234.
LaTeX Info: Redefining \Cpagerefrange on input line 2234.
LaTeX Info: Redefining \labelcref on input line 2234.
LaTeX Info: Redefining \labelcpageref on input line 2234.
)

LaTeX Warning: Unused global option(s):
    [numbers=endperiod].

(Configuracion.aux
LaTeX Info: Redefining \. on input line 23.
LaTeX Info: Redefining \% on input line 23.
)
\openout1 = `Configuracion.aux'.

LaTeX Font Info:    Checking defaults for OML/cmm/m/it on input line 30.
LaTeX Font Info:    ... okay on input line 30.
LaTeX Font Info:    Checking defaults for T1/cmr/m/n on input line 30.
LaTeX Font Info:    ... okay on input line 30.
LaTeX Font Info:    Checking defaults for OT1/cmr/m/n on input line 30.
LaTeX Font Info:    ... okay on input line 30.
LaTeX Font Info:    Checking defaults for OMS/cmsy/m/n on input line 30.
LaTeX Font Info:    ... okay on input line 30.
LaTeX Font Info:    Checking defaults for OMX/cmex/m/n on input line 30.
LaTeX Font Info:    ... okay on input line 30.
LaTeX Font Info:    Checking defaults for U/cmr/m/n on input line 30.
LaTeX Font Info:    ... okay on input line 30.
LaTeX Font Info:    Checking defaults for PD1/pdf/m/n on input line 30.
LaTeX Font Info:    ... okay on input line 30.
LaTeX Info: Redefining \. on input line 30.
LaTeX Info: Redefining \% on input line 30.

*geometry* driver: auto-detecting
*geometry* detected driver: pdftex
*geometry* verbose mode - [ preamble ] result:
* driver: pdftex
* paper: letterpaper
* layout: <same size as paper>
* layoutoffset:(h,v)=(0.0pt,0.0pt)
* modes: 
* h-part:(L,W,R)=(14.22636pt, 543.16313pt, 56.9055pt)
* v-part:(T,H,B)=(0.0pt, 738.06448pt, 56.9055pt)
* \paperwidth=614.295pt
* \paperheight=794.96999pt
* \textwidth=543.16313pt
* \textheight=738.06448pt
* \oddsidemargin=-58.04362pt
* \evensidemargin=-58.04362pt
* \topmargin=-84.26999pt
* \headheight=12.0pt
* \headsep=0.0pt
* \topskip=10.0pt
* \footskip=14.22636pt
* \marginparwidth=65.0pt
* \marginparsep=11.0pt
* \columnsep=10.0pt
* \skip\footins=9.0pt plus 4.0pt minus 2.0pt
* \hoffset=0.0pt
* \voffset=0.0pt
* \mag=1000
* \@twocolumnfalse
* \@twosidefalse
* \@mparswitchfalse
* \@reversemarginfalse
* (1in=72.27pt=25.4mm, 1cm=28.453pt)

("C:\Program Files\MiKTeX 2.9\tex\context\base\supp-pdf.mkii"
[Loading MPS to PDF converter (version 2006.09.02).]
\scratchcounter=\count125
\scratchdimen=\dimen173
\scratchbox=\box38
\nofMPsegments=\count126
\nofMParguments=\count127
\everyMPshowfont=\toks36
\MPscratchCnt=\count128
\MPscratchDim=\dimen174
\MPnumerator=\count129
\makeMPintoPDFobject=\count130
\everyMPtoPDFconversion=\toks37
) ("C:\Program Files\MiKTeX 2.9\tex\latex\oberdiek\epstopdf-base.sty"
Package: epstopdf-base 2016/05/15 v2.6 Base part for package epstopdf

("C:\Program Files\MiKTeX 2.9\tex\latex\oberdiek\grfext.sty"
Package: grfext 2016/05/16 v1.2 Manage graphics extensions (HO)
)
Package epstopdf-base Info: Redefining graphics rule for `.eps' on input line 438.
Package grfext Info: Graphics extension search list:
(grfext)             [.pdf,.png,.jpg,.mps,.jpeg,.jbig2,.jb2,.PDF,.PNG,.JPG,.JPEG,.JBIG2,.JB2,.eps]
(grfext)             \AppendGraphicsExtensions on input line 456.
) ABD: EverySelectfont initializing macros
LaTeX Info: Redefining \selectfont on input line 30.

ABD: EveryShipout initializing macros
\AtBeginShipoutBox=\box39
Package hyperref Info: Link coloring ON on input line 30.
 ("C:\Program Files\MiKTeX 2.9\tex\latex\hyperref\nameref.sty"
Package: nameref 2016/05/21 v2.44 Cross-referencing by name of section

("C:\Program Files\MiKTeX 2.9\tex\generic\oberdiek\gettitlestring.sty"
Package: gettitlestring 2016/05/16 v1.5 Cleanup title references (HO)
)
\c@section@level=\count131
)
LaTeX Info: Redefining \ref on input line 30.
LaTeX Info: Redefining \pageref on input line 30.
LaTeX Info: Redefining \nameref on input line 30.
 (Configuracion.out) (Configuracion.out)
\@outlinefile=\write4
\openout4 = `Configuracion.out'.

<./imgs/logo.jpg, id=174, 1003.8303pt x 1003.8303pt>
File: ./imgs/logo.jpg Graphic file (type jpg)
<use ./imgs/logo.jpg>
Package pdftex.def Info: ./imgs/logo.jpg  used on input line 55.
(pdftex.def)             Requested size: 108.63097pt x 108.62956pt.
LaTeX Font Info:    External font `cmex10' loaded for size
(Font)              <7> on input line 56.
LaTeX Font Info:    External font `cmex10' loaded for size
(Font)              <5> on input line 56.

Overfull \hbox (15.79999pt too wide) in paragraph at lines 62--63
[][] 
 []


Overfull \hbox (15.79999pt too wide) in paragraph at lines 72--73
[][] 
 []

Package babel Info: Redefining spanish shorthand <<
(babel)             in language  on input line 76.
Package babel Info: Redefining spanish shorthand >>
(babel)             in language  on input line 76.
Package babel Info: Redefining spanish shorthand "=
(babel)             in language  on input line 76.
Package babel Info: Redefining spanish shorthand "~
(babel)             in language  on input line 76.
Package babel Info: Redefining spanish shorthand "!
(babel)             in language  on input line 76.
Package babel Info: Redefining spanish shorthand "?
(babel)             in language  on input line 76.
Package babel Info: Redefining spanish shorthand <<
(babel)             in language  on input line 76.
Package babel Info: Redefining spanish shorthand >>
(babel)             in language  on input line 76.
Package babel Info: Redefining spanish shorthand "=
(babel)             in language  on input line 76.
Package babel Info: Redefining spanish shorthand "~
(babel)             in language  on input line 76.
Package babel Info: Redefining spanish shorthand "!
(babel)             in language  on input line 76.
Package babel Info: Redefining spanish shorthand "?
(babel)             in language  on input line 76.
[1

{C:/Users/mcelis/AppData/Local/MiKTeX/2.9/pdftex/config/pdftex.map} <./imgs/logo.jpg>]
<./imgs/logo2.jpg, id=181, 166.221pt x 38.763pt>
File: ./imgs/logo2.jpg Graphic file (type jpg)
<use ./imgs/logo2.jpg>
Package pdftex.def Info: ./imgs/logo2.jpg  used on input line 77.
(pdftex.def)             Requested size: 108.63097pt x 25.33286pt.
Package babel Info: Redefining spanish shorthand <<
(babel)             in language  on input line 85.
Package babel Info: Redefining spanish shorthand >>
(babel)             in language  on input line 85.
Package babel Info: Redefining spanish shorthand "=
(babel)             in language  on input line 85.
Package babel Info: Redefining spanish shorthand "~
(babel)             in language  on input line 85.
Package babel Info: Redefining spanish shorthand "!
(babel)             in language  on input line 85.
Package babel Info: Redefining spanish shorthand "?
(babel)             in language  on input line 85.
<./imgs/arranque.jpg, id=182, 1284.8pt x 722.7pt>
File: ./imgs/arranque.jpg Graphic file (type jpg)
<use ./imgs/arranque.jpg>
Package pdftex.def Info: ./imgs/arranque.jpg  used on input line 89.
(pdftex.def)             Requested size: 434.53215pt x 244.42453pt.
Package babel Info: Redefining spanish shorthand <<
(babel)             in language  on input line 91.
Package babel Info: Redefining spanish shorthand >>
(babel)             in language  on input line 91.
Package babel Info: Redefining spanish shorthand "=
(babel)             in language  on input line 91.
Package babel Info: Redefining spanish shorthand "~
(babel)             in language  on input line 91.
Package babel Info: Redefining spanish shorthand "!
(babel)             in language  on input line 91.
Package babel Info: Redefining spanish shorthand "?
(babel)             in language  on input line 91.
Package babel Info: Redefining spanish shorthand <<
(babel)             in language  on input line 92.
Package babel Info: Redefining spanish shorthand >>
(babel)             in language  on input line 92.
Package babel Info: Redefining spanish shorthand "=
(babel)             in language  on input line 92.
Package babel Info: Redefining spanish shorthand "~
(babel)             in language  on input line 92.
Package babel Info: Redefining spanish shorthand "!
(babel)             in language  on input line 92.
Package babel Info: Redefining spanish shorthand "?
(babel)             in language  on input line 92.
Package babel Info: Redefining spanish shorthand <<
(babel)             in language  on input line 93.
Package babel Info: Redefining spanish shorthand >>
(babel)             in language  on input line 93.
Package babel Info: Redefining spanish shorthand "=
(babel)             in language  on input line 93.
Package babel Info: Redefining spanish shorthand "~
(babel)             in language  on input line 93.
Package babel Info: Redefining spanish shorthand "!
(babel)             in language  on input line 93.
Package babel Info: Redefining spanish shorthand "?
(babel)             in language  on input line 93.
Package babel Info: Redefining spanish shorthand <<
(babel)             in language  on input line 94.
Package babel Info: Redefining spanish shorthand >>
(babel)             in language  on input line 94.
Package babel Info: Redefining spanish shorthand "=
(babel)             in language  on input line 94.
Package babel Info: Redefining spanish shorthand "~
(babel)             in language  on input line 94.
Package babel Info: Redefining spanish shorthand "!
(babel)             in language  on input line 94.
Package babel Info: Redefining spanish shorthand "?
(babel)             in language  on input line 94.

! Misplaced alignment tab character &.
<argument> ...uele realizarse pulsando F10 (Save &
                                                   Exit Setup) y luego confi...
l.95 ...eraci\'on en el men\'u de confirmaci\'on.}
                                                   \label{sec:uno_cinco}
I can't figure out why you would want to use a tab mark
here. If you just want an ampersand, the remedy is
simple: Just type `I\&' now. But if some right brace
up above has ended a previous alignment prematurely,
you're probably due for more error messages, and you
might try typing `S' now just to see what is salvageable.

Package babel Info: Redefining spanish shorthand <<
(babel)             in language  on input line 95.
Package babel Info: Redefining spanish shorthand >>
(babel)             in language  on input line 95.
Package babel Info: Redefining spanish shorthand "=
(babel)             in language  on input line 95.
Package babel Info: Redefining spanish shorthand "~
(babel)             in language  on input line 95.
Package babel Info: Redefining spanish shorthand "!
(babel)             in language  on input line 95.
Package babel Info: Redefining spanish shorthand "?
(babel)             in language  on input line 95.

Package hyperref Warning: Token not allowed in a PDF string (PDFDocEncoding):
(hyperref)                removing `alignment tab' on input line 95.

Package babel Info: Redefining spanish shorthand <<
(babel)             in language  on input line 99.
Package babel Info: Redefining spanish shorthand >>
(babel)             in language  on input line 99.
Package babel Info: Redefining spanish shorthand "=
(babel)             in language  on input line 99.
Package babel Info: Redefining spanish shorthand "~
(babel)             in language  on input line 99.
Package babel Info: Redefining spanish shorthand "!
(babel)             in language  on input line 99.
Package babel Info: Redefining spanish shorthand "?
(babel)             in language  on input line 99.
Package babel Info: Redefining spanish shorthand <<
(babel)             in language  on input line 99.
Package babel Info: Redefining spanish shorthand >>
(babel)             in language  on input line 99.
Package babel Info: Redefining spanish shorthand "=
(babel)             in language  on input line 99.
Package babel Info: Redefining spanish shorthand "~
(babel)             in language  on input line 99.
Package babel Info: Redefining spanish shorthand "!
(babel)             in language  on input line 99.
Package babel Info: Redefining spanish shorthand "?
(babel)             in language  on input line 99.
[2 <./imgs/logo2.jpg> <./imgs/arranque.jpg>]
File: ./imgs/logo2.jpg Graphic file (type jpg)
<use ./imgs/logo2.jpg>
Package pdftex.def Info: ./imgs/logo2.jpg  used on input line 100.
(pdftex.def)             Requested size: 108.63097pt x 25.33286pt.
Package babel Info: Redefining spanish shorthand <<
(babel)             in language  on input line 103.
Package babel Info: Redefining spanish shorthand >>
(babel)             in language  on input line 103.
Package babel Info: Redefining spanish shorthand "=
(babel)             in language  on input line 103.
Package babel Info: Redefining spanish shorthand "~
(babel)             in language  on input line 103.
Package babel Info: Redefining spanish shorthand "!
(babel)             in language  on input line 103.
Package babel Info: Redefining spanish shorthand "?
(babel)             in language  on input line 103.
<./imgs/logoVirtualBox.jpg, id=188, 211.54031pt x 127.97812pt>
File: ./imgs/logoVirtualBox.jpg Graphic file (type jpg)
<use ./imgs/logoVirtualBox.jpg>
Package pdftex.def Info: ./imgs/logoVirtualBox.jpg  used on input line 111.
(pdftex.def)             Requested size: 217.2692pt x 170.72818pt.
<./imgs/debian_stretch.png, id=189, 215.79211pt x 215.79211pt>
File: ./imgs/debian_stretch.png Graphic file (type png)
<use ./imgs/debian_stretch.png>
Package pdftex.def Info: ./imgs/debian_stretch.png  used on input line 115.
(pdftex.def)             Requested size: 162.9566pt x 170.72412pt.
Package babel Info: Redefining spanish shorthand <<
(babel)             in language  on input line 122.
Package babel Info: Redefining spanish shorthand >>
(babel)             in language  on input line 122.
Package babel Info: Redefining spanish shorthand "=
(babel)             in language  on input line 122.
Package babel Info: Redefining spanish shorthand "~
(babel)             in language  on input line 122.
Package babel Info: Redefining spanish shorthand "!
(babel)             in language  on input line 122.
Package babel Info: Redefining spanish shorthand "?
(babel)             in language  on input line 122.
<./imgs/paso_1.png, id=191, 396.7322pt x 356.83313pt>
File: ./imgs/paso_1.png Graphic file (type png)
<use ./imgs/paso_1.png>
Package pdftex.def Info: ./imgs/paso_1.png  used on input line 125.
(pdftex.def)             Requested size: 217.26506pt x 170.71713pt.
Package babel Info: Redefining spanish shorthand <<
(babel)             in language  on input line 129.
Package babel Info: Redefining spanish shorthand >>
(babel)             in language  on input line 129.
Package babel Info: Redefining spanish shorthand "=
(babel)             in language  on input line 129.
Package babel Info: Redefining spanish shorthand "~
(babel)             in language  on input line 129.
Package babel Info: Redefining spanish shorthand "!
(babel)             in language  on input line 129.
Package babel Info: Redefining spanish shorthand "?
(babel)             in language  on input line 129.
<./imgs/paso_2.png, id=192, 384.6872pt x 347.04657pt>
File: ./imgs/paso_2.png Graphic file (type png)
<use ./imgs/paso_2.png>
Package pdftex.def Info: ./imgs/paso_2.png  used on input line 132.
(pdftex.def)             Requested size: 217.26648pt x 170.72153pt.
Package babel Info: Redefining spanish shorthand <<
(babel)             in language  on input line 135.
Package babel Info: Redefining spanish shorthand >>
(babel)             in language  on input line 135.
Package babel Info: Redefining spanish shorthand "=
(babel)             in language  on input line 135.
Package babel Info: Redefining spanish shorthand "~
(babel)             in language  on input line 135.
Package babel Info: Redefining spanish shorthand "!
(babel)             in language  on input line 135.
Package babel Info: Redefining spanish shorthand "?
(babel)             in language  on input line 135.
Package babel Info: Redefining spanish shorthand <<
(babel)             in language  on input line 135.
Package babel Info: Redefining spanish shorthand >>
(babel)             in language  on input line 135.
Package babel Info: Redefining spanish shorthand "=
(babel)             in language  on input line 135.
Package babel Info: Redefining spanish shorthand "~
(babel)             in language  on input line 135.
Package babel Info: Redefining spanish shorthand "!
(babel)             in language  on input line 135.
Package babel Info: Redefining spanish shorthand "?
(babel)             in language  on input line 135.
 [3 <./imgs/logoVirtualBox.jpg> <./imgs/debian_stretch.png> <./imgs/paso_1.png> <./imgs/paso_2.png>]
File: ./imgs/logo2.jpg Graphic file (type jpg)
<use ./imgs/logo2.jpg>
Package pdftex.def Info: ./imgs/logo2.jpg  used on input line 136.
(pdftex.def)             Requested size: 108.63097pt x 25.33286pt.
Package babel Info: Redefining spanish shorthand <<
(babel)             in language  on input line 140.
Package babel Info: Redefining spanish shorthand >>
(babel)             in language  on input line 140.
Package babel Info: Redefining spanish shorthand "=
(babel)             in language  on input line 140.
Package babel Info: Redefining spanish shorthand "~
(babel)             in language  on input line 140.
Package babel Info: Redefining spanish shorthand "!
(babel)             in language  on input line 140.
Package babel Info: Redefining spanish shorthand "?
(babel)             in language  on input line 140.
<./imgs/paso_3.png, id=199, 513.41812pt x 334.24875pt>
File: ./imgs/paso_3.png Graphic file (type png)
<use ./imgs/paso_3.png>
Package pdftex.def Info: ./imgs/paso_3.png  used on input line 143.
(pdftex.def)             Requested size: 217.26363pt x 170.7196pt.
Package babel Info: Redefining spanish shorthand <<
(babel)             in language  on input line 146.
Package babel Info: Redefining spanish shorthand >>
(babel)             in language  on input line 146.
Package babel Info: Redefining spanish shorthand "=
(babel)             in language  on input line 146.
Package babel Info: Redefining spanish shorthand "~
(babel)             in language  on input line 146.
Package babel Info: Redefining spanish shorthand "!
(babel)             in language  on input line 146.
Package babel Info: Redefining spanish shorthand "?
(babel)             in language  on input line 146.
<./imgs/paso_4.png, id=200, 514.17094pt x 334.24875pt>
File: ./imgs/paso_4.png Graphic file (type png)
<use ./imgs/paso_4.png>
Package pdftex.def Info: ./imgs/paso_4.png  used on input line 149.
(pdftex.def)             Requested size: 217.26054pt x 170.7196pt.
Package babel Info: Redefining spanish shorthand <<
(babel)             in language  on input line 152.
Package babel Info: Redefining spanish shorthand >>
(babel)             in language  on input line 152.
Package babel Info: Redefining spanish shorthand "=
(babel)             in language  on input line 152.
Package babel Info: Redefining spanish shorthand "~
(babel)             in language  on input line 152.
Package babel Info: Redefining spanish shorthand "!
(babel)             in language  on input line 152.
Package babel Info: Redefining spanish shorthand "?
(babel)             in language  on input line 152.
<./imgs/paso_5.png, id=201, 514.92375pt x 334.24875pt>
File: ./imgs/paso_5.png Graphic file (type png)
<use ./imgs/paso_5.png>
Package pdftex.def Info: ./imgs/paso_5.png  used on input line 155.
(pdftex.def)             Requested size: 217.25648pt x 170.7196pt.
Package babel Info: Redefining spanish shorthand <<
(babel)             in language  on input line 158.
Package babel Info: Redefining spanish shorthand >>
(babel)             in language  on input line 158.
Package babel Info: Redefining spanish shorthand "=
(babel)             in language  on input line 158.
Package babel Info: Redefining spanish shorthand "~
(babel)             in language  on input line 158.
Package babel Info: Redefining spanish shorthand "!
(babel)             in language  on input line 158.
Package babel Info: Redefining spanish shorthand "?
(babel)             in language  on input line 158.
Package babel Info: Redefining spanish shorthand <<
(babel)             in language  on input line 158.
Package babel Info: Redefining spanish shorthand >>
(babel)             in language  on input line 158.
Package babel Info: Redefining spanish shorthand "=
(babel)             in language  on input line 158.
Package babel Info: Redefining spanish shorthand "~
(babel)             in language  on input line 158.
Package babel Info: Redefining spanish shorthand "!
(babel)             in language  on input line 158.
Package babel Info: Redefining spanish shorthand "?
(babel)             in language  on input line 158.
 [4 <./imgs/paso_3.png> <./imgs/paso_4.png> <./imgs/paso_5.png>]
File: ./imgs/logo2.jpg Graphic file (type jpg)
<use ./imgs/logo2.jpg>
Package pdftex.def Info: ./imgs/logo2.jpg  used on input line 159.
(pdftex.def)             Requested size: 108.63097pt x 25.33286pt.
Package babel Info: Redefining spanish shorthand <<
(babel)             in language  on input line 162.
Package babel Info: Redefining spanish shorthand >>
(babel)             in language  on input line 162.
Package babel Info: Redefining spanish shorthand "=
(babel)             in language  on input line 162.
Package babel Info: Redefining spanish shorthand "~
(babel)             in language  on input line 162.
Package babel Info: Redefining spanish shorthand "!
(babel)             in language  on input line 162.
Package babel Info: Redefining spanish shorthand "?
(babel)             in language  on input line 162.
<./imgs/paso_6.png, id=206, 481.04718pt x 416.30531pt>
File: ./imgs/paso_6.png Graphic file (type png)
<use ./imgs/paso_6.png>
Package pdftex.def Info: ./imgs/paso_6.png  used on input line 165.
(pdftex.def)             Requested size: 217.26196pt x 170.71803pt.
Package babel Info: Redefining spanish shorthand <<
(babel)             in language  on input line 168.
Package babel Info: Redefining spanish shorthand >>
(babel)             in language  on input line 168.
Package babel Info: Redefining spanish shorthand "=
(babel)             in language  on input line 168.
Package babel Info: Redefining spanish shorthand "~
(babel)             in language  on input line 168.
Package babel Info: Redefining spanish shorthand "!
(babel)             in language  on input line 168.
Package babel Info: Redefining spanish shorthand "?
(babel)             in language  on input line 168.
<./imgs/paso_7.png, id=207, 600.74437pt x 506.6428pt>
File: ./imgs/paso_7.png Graphic file (type png)
<use ./imgs/paso_7.png>
Package pdftex.def Info: ./imgs/paso_7.png  used on input line 171.
(pdftex.def)             Requested size: 217.2578pt x 170.71013pt.
Package babel Info: Redefining spanish shorthand <<
(babel)             in language  on input line 174.
Package babel Info: Redefining spanish shorthand >>
(babel)             in language  on input line 174.
Package babel Info: Redefining spanish shorthand "=
(babel)             in language  on input line 174.
Package babel Info: Redefining spanish shorthand "~
(babel)             in language  on input line 174.
Package babel Info: Redefining spanish shorthand "!
(babel)             in language  on input line 174.
Package babel Info: Redefining spanish shorthand "?
(babel)             in language  on input line 174.
<./imgs/paso_8.png, id=208, 599.99156pt x 505.89pt>
File: ./imgs/paso_8.png Graphic file (type png)
<use ./imgs/paso_8.png>
Package pdftex.def Info: ./imgs/paso_8.png  used on input line 177.
(pdftex.def)             Requested size: 217.2602pt x 170.71892pt.
Package babel Info: Redefining spanish shorthand <<
(babel)             in language  on input line 182.
Package babel Info: Redefining spanish shorthand >>
(babel)             in language  on input line 182.
Package babel Info: Redefining spanish shorthand "=
(babel)             in language  on input line 182.
Package babel Info: Redefining spanish shorthand "~
(babel)             in language  on input line 182.
Package babel Info: Redefining spanish shorthand "!
(babel)             in language  on input line 182.
Package babel Info: Redefining spanish shorthand "?
(babel)             in language  on input line 182.
Package babel Info: Redefining spanish shorthand <<
(babel)             in language  on input line 182.
Package babel Info: Redefining spanish shorthand >>
(babel)             in language  on input line 182.
Package babel Info: Redefining spanish shorthand "=
(babel)             in language  on input line 182.
Package babel Info: Redefining spanish shorthand "~
(babel)             in language  on input line 182.
Package babel Info: Redefining spanish shorthand "!
(babel)             in language  on input line 182.
Package babel Info: Redefining spanish shorthand "?
(babel)             in language  on input line 182.
 [5 <./imgs/paso_6.png> <./imgs/paso_7.png> <./imgs/paso_8.png>]
File: ./imgs/logo2.jpg Graphic file (type jpg)
<use ./imgs/logo2.jpg>
Package pdftex.def Info: ./imgs/logo2.jpg  used on input line 183.
(pdftex.def)             Requested size: 108.63097pt x 25.33286pt.
Package babel Info: Redefining spanish shorthand <<
(babel)             in language  on input line 187.
Package babel Info: Redefining spanish shorthand >>
(babel)             in language  on input line 187.
Package babel Info: Redefining spanish shorthand "=
(babel)             in language  on input line 187.
Package babel Info: Redefining spanish shorthand "~
(babel)             in language  on input line 187.
Package babel Info: Redefining spanish shorthand "!
(babel)             in language  on input line 187.
Package babel Info: Redefining spanish shorthand "?
(babel)             in language  on input line 187.
<./imgs/paso_9.png, id=213, 600.74437pt x 505.89pt>
File: ./imgs/paso_9.png Graphic file (type png)
<use ./imgs/paso_9.png>
Package pdftex.def Info: ./imgs/paso_9.png  used on input line 190.
(pdftex.def)             Requested size: 217.2578pt x 170.71892pt.
Package babel Info: Redefining spanish shorthand <<
(babel)             in language  on input line 193.
Package babel Info: Redefining spanish shorthand >>
(babel)             in language  on input line 193.
Package babel Info: Redefining spanish shorthand "=
(babel)             in language  on input line 193.
Package babel Info: Redefining spanish shorthand "~
(babel)             in language  on input line 193.
Package babel Info: Redefining spanish shorthand "!
(babel)             in language  on input line 193.
Package babel Info: Redefining spanish shorthand "?
(babel)             in language  on input line 193.
<./imgs/paso_10.png, id=214, 600.74437pt x 506.6428pt>
File: ./imgs/paso_10.png Graphic file (type png)
<use ./imgs/paso_10.png>
Package pdftex.def Info: ./imgs/paso_10.png  used on input line 196.
(pdftex.def)             Requested size: 217.2578pt x 170.71013pt.
Package babel Info: Redefining spanish shorthand <<
(babel)             in language  on input line 200.
Package babel Info: Redefining spanish shorthand >>
(babel)             in language  on input line 200.
Package babel Info: Redefining spanish shorthand "=
(babel)             in language  on input line 200.
Package babel Info: Redefining spanish shorthand "~
(babel)             in language  on input line 200.
Package babel Info: Redefining spanish shorthand "!
(babel)             in language  on input line 200.
Package babel Info: Redefining spanish shorthand "?
(babel)             in language  on input line 200.
<./imgs/paso_11.png, id=215, 599.99156pt x 507.39563pt>
File: ./imgs/paso_11.png Graphic file (type png)
<use ./imgs/paso_11.png>
Package pdftex.def Info: ./imgs/paso_11.png  used on input line 203.
(pdftex.def)             Requested size: 217.2602pt x 170.71603pt.
Package babel Info: Redefining spanish shorthand <<
(babel)             in language  on input line 207.
Package babel Info: Redefining spanish shorthand >>
(babel)             in language  on input line 207.
Package babel Info: Redefining spanish shorthand "=
(babel)             in language  on input line 207.
Package babel Info: Redefining spanish shorthand "~
(babel)             in language  on input line 207.
Package babel Info: Redefining spanish shorthand "!
(babel)             in language  on input line 207.
Package babel Info: Redefining spanish shorthand "?
(babel)             in language  on input line 207.
Package babel Info: Redefining spanish shorthand <<
(babel)             in language  on input line 207.
Package babel Info: Redefining spanish shorthand >>
(babel)             in language  on input line 207.
Package babel Info: Redefining spanish shorthand "=
(babel)             in language  on input line 207.
Package babel Info: Redefining spanish shorthand "~
(babel)             in language  on input line 207.
Package babel Info: Redefining spanish shorthand "!
(babel)             in language  on input line 207.
Package babel Info: Redefining spanish shorthand "?
(babel)             in language  on input line 207.
 [6 <./imgs/paso_9.png> <./imgs/paso_10.png> <./imgs/paso_11.png>]
File: ./imgs/logo2.jpg Graphic file (type jpg)
<use ./imgs/logo2.jpg>
Package pdftex.def Info: ./imgs/logo2.jpg  used on input line 208.
(pdftex.def)             Requested size: 108.63097pt x 25.33286pt.
Package babel Info: Redefining spanish shorthand <<
(babel)             in language  on input line 211.
Package babel Info: Redefining spanish shorthand >>
(babel)             in language  on input line 211.
Package babel Info: Redefining spanish shorthand "=
(babel)             in language  on input line 211.
Package babel Info: Redefining spanish shorthand "~
(babel)             in language  on input line 211.
Package babel Info: Redefining spanish shorthand "!
(babel)             in language  on input line 211.
Package babel Info: Redefining spanish shorthand "?
(babel)             in language  on input line 211.
<./imgs/paso_12.png, id=220, 599.99156pt x 507.39563pt>
File: ./imgs/paso_12.png Graphic file (type png)
<use ./imgs/paso_12.png>
Package pdftex.def Info: ./imgs/paso_12.png  used on input line 214.
(pdftex.def)             Requested size: 217.2602pt x 170.71603pt.
Package babel Info: Redefining spanish shorthand <<
(babel)             in language  on input line 218.
Package babel Info: Redefining spanish shorthand >>
(babel)             in language  on input line 218.
Package babel Info: Redefining spanish shorthand "=
(babel)             in language  on input line 218.
Package babel Info: Redefining spanish shorthand "~
(babel)             in language  on input line 218.
Package babel Info: Redefining spanish shorthand "!
(babel)             in language  on input line 218.
Package babel Info: Redefining spanish shorthand "?
(babel)             in language  on input line 218.
<./imgs/paso_13.png, id=221, 600.74437pt x 506.6428pt>
File: ./imgs/paso_13.png Graphic file (type png)
<use ./imgs/paso_13.png>
Package pdftex.def Info: ./imgs/paso_13.png  used on input line 221.
(pdftex.def)             Requested size: 217.2578pt x 170.71013pt.
Package babel Info: Redefining spanish shorthand <<
(babel)             in language  on input line 225.
Package babel Info: Redefining spanish shorthand >>
(babel)             in language  on input line 225.
Package babel Info: Redefining spanish shorthand "=
(babel)             in language  on input line 225.
Package babel Info: Redefining spanish shorthand "~
(babel)             in language  on input line 225.
Package babel Info: Redefining spanish shorthand "!
(babel)             in language  on input line 225.
Package babel Info: Redefining spanish shorthand "?
(babel)             in language  on input line 225.
<./imgs/paso_14.png, id=222, 599.99156pt x 506.6428pt>
File: ./imgs/paso_14.png Graphic file (type png)
<use ./imgs/paso_14.png>
Package pdftex.def Info: ./imgs/paso_14.png  used on input line 228.
(pdftex.def)             Requested size: 217.2602pt x 170.71013pt.
Package babel Info: Redefining spanish shorthand <<
(babel)             in language  on input line 232.
Package babel Info: Redefining spanish shorthand >>
(babel)             in language  on input line 232.
Package babel Info: Redefining spanish shorthand "=
(babel)             in language  on input line 232.
Package babel Info: Redefining spanish shorthand "~
(babel)             in language  on input line 232.
Package babel Info: Redefining spanish shorthand "!
(babel)             in language  on input line 232.
Package babel Info: Redefining spanish shorthand "?
(babel)             in language  on input line 232.
Package babel Info: Redefining spanish shorthand <<
(babel)             in language  on input line 232.
Package babel Info: Redefining spanish shorthand >>
(babel)             in language  on input line 232.
Package babel Info: Redefining spanish shorthand "=
(babel)             in language  on input line 232.
Package babel Info: Redefining spanish shorthand "~
(babel)             in language  on input line 232.
Package babel Info: Redefining spanish shorthand "!
(babel)             in language  on input line 232.
Package babel Info: Redefining spanish shorthand "?
(babel)             in language  on input line 232.
 [7 <./imgs/paso_12.png> <./imgs/paso_13.png> <./imgs/paso_14.png>]
File: ./imgs/logo2.jpg Graphic file (type jpg)
<use ./imgs/logo2.jpg>
Package pdftex.def Info: ./imgs/logo2.jpg  used on input line 233.
(pdftex.def)             Requested size: 108.63097pt x 25.33286pt.
Package babel Info: Redefining spanish shorthand <<
(babel)             in language  on input line 236.
Package babel Info: Redefining spanish shorthand >>
(babel)             in language  on input line 236.
Package babel Info: Redefining spanish shorthand "=
(babel)             in language  on input line 236.
Package babel Info: Redefining spanish shorthand "~
(babel)             in language  on input line 236.
Package babel Info: Redefining spanish shorthand "!
(babel)             in language  on input line 236.
Package babel Info: Redefining spanish shorthand "?
(babel)             in language  on input line 236.
<./imgs/paso_15.png, id=228, 599.99156pt x 507.39563pt>
File: ./imgs/paso_15.png Graphic file (type png)
<use ./imgs/paso_15.png>
Package pdftex.def Info: ./imgs/paso_15.png  used on input line 239.
(pdftex.def)             Requested size: 217.2602pt x 170.71603pt.
Package babel Info: Redefining spanish shorthand <<
(babel)             in language  on input line 242.
Package babel Info: Redefining spanish shorthand >>
(babel)             in language  on input line 242.
Package babel Info: Redefining spanish shorthand "=
(babel)             in language  on input line 242.
Package babel Info: Redefining spanish shorthand "~
(babel)             in language  on input line 242.
Package babel Info: Redefining spanish shorthand "!
(babel)             in language  on input line 242.
Package babel Info: Redefining spanish shorthand "?
(babel)             in language  on input line 242.
<./imgs/paso_17.png, id=229, 600.74437pt x 507.39563pt>
File: ./imgs/paso_17.png Graphic file (type png)
<use ./imgs/paso_17.png>
Package pdftex.def Info: ./imgs/paso_17.png  used on input line 245.
(pdftex.def)             Requested size: 217.2578pt x 170.71603pt.
Package babel Info: Redefining spanish shorthand <<
(babel)             in language  on input line 248.
Package babel Info: Redefining spanish shorthand >>
(babel)             in language  on input line 248.
Package babel Info: Redefining spanish shorthand "=
(babel)             in language  on input line 248.
Package babel Info: Redefining spanish shorthand "~
(babel)             in language  on input line 248.
Package babel Info: Redefining spanish shorthand "!
(babel)             in language  on input line 248.
Package babel Info: Redefining spanish shorthand "?
(babel)             in language  on input line 248.
<./imgs/paso_18.png, id=230, 599.99156pt x 505.89pt>
File: ./imgs/paso_18.png Graphic file (type png)
<use ./imgs/paso_18.png>
Package pdftex.def Info: ./imgs/paso_18.png  used on input line 251.
(pdftex.def)             Requested size: 217.2602pt x 170.71892pt.
Package babel Info: Redefining spanish shorthand <<
(babel)             in language  on input line 255.
Package babel Info: Redefining spanish shorthand >>
(babel)             in language  on input line 255.
Package babel Info: Redefining spanish shorthand "=
(babel)             in language  on input line 255.
Package babel Info: Redefining spanish shorthand "~
(babel)             in language  on input line 255.
Package babel Info: Redefining spanish shorthand "!
(babel)             in language  on input line 255.
Package babel Info: Redefining spanish shorthand "?
(babel)             in language  on input line 255.
Package babel Info: Redefining spanish shorthand <<
(babel)             in language  on input line 255.
Package babel Info: Redefining spanish shorthand >>
(babel)             in language  on input line 255.
Package babel Info: Redefining spanish shorthand "=
(babel)             in language  on input line 255.
Package babel Info: Redefining spanish shorthand "~
(babel)             in language  on input line 255.
Package babel Info: Redefining spanish shorthand "!
(babel)             in language  on input line 255.
Package babel Info: Redefining spanish shorthand "?
(babel)             in language  on input line 255.
 [8 <./imgs/paso_15.png> <./imgs/paso_17.png> <./imgs/paso_18.png>]
File: ./imgs/logo2.jpg Graphic file (type jpg)
<use ./imgs/logo2.jpg>
Package pdftex.def Info: ./imgs/logo2.jpg  used on input line 256.
(pdftex.def)             Requested size: 108.63097pt x 25.33286pt.
Package babel Info: Redefining spanish shorthand <<
(babel)             in language  on input line 259.
Package babel Info: Redefining spanish shorthand >>
(babel)             in language  on input line 259.
Package babel Info: Redefining spanish shorthand "=
(babel)             in language  on input line 259.
Package babel Info: Redefining spanish shorthand "~
(babel)             in language  on input line 259.
Package babel Info: Redefining spanish shorthand "!
(babel)             in language  on input line 259.
Package babel Info: Redefining spanish shorthand "?
(babel)             in language  on input line 259.
<./imgs/paso_19.png, id=235, 600.74437pt x 506.6428pt>
File: ./imgs/paso_19.png Graphic file (type png)
<use ./imgs/paso_19.png>
Package pdftex.def Info: ./imgs/paso_19.png  used on input line 262.
(pdftex.def)             Requested size: 217.2578pt x 170.71013pt.
Package babel Info: Redefining spanish shorthand <<
(babel)             in language  on input line 265.
Package babel Info: Redefining spanish shorthand >>
(babel)             in language  on input line 265.
Package babel Info: Redefining spanish shorthand "=
(babel)             in language  on input line 265.
Package babel Info: Redefining spanish shorthand "~
(babel)             in language  on input line 265.
Package babel Info: Redefining spanish shorthand "!
(babel)             in language  on input line 265.
Package babel Info: Redefining spanish shorthand "?
(babel)             in language  on input line 265.
<./imgs/paso_20.png, id=236, 599.99156pt x 508.14844pt>
File: ./imgs/paso_20.png Graphic file (type png)
<use ./imgs/paso_20.png>
Package pdftex.def Info: ./imgs/paso_20.png  used on input line 268.
(pdftex.def)             Requested size: 217.2602pt x 170.71344pt.
Package babel Info: Redefining spanish shorthand <<
(babel)             in language  on input line 272.
Package babel Info: Redefining spanish shorthand >>
(babel)             in language  on input line 272.
Package babel Info: Redefining spanish shorthand "=
(babel)             in language  on input line 272.
Package babel Info: Redefining spanish shorthand "~
(babel)             in language  on input line 272.
Package babel Info: Redefining spanish shorthand "!
(babel)             in language  on input line 272.
Package babel Info: Redefining spanish shorthand "?
(babel)             in language  on input line 272.
<./imgs/paso_21.png, id=237, 599.99156pt x 507.39563pt>
File: ./imgs/paso_21.png Graphic file (type png)
<use ./imgs/paso_21.png>
Package pdftex.def Info: ./imgs/paso_21.png  used on input line 275.
(pdftex.def)             Requested size: 217.2602pt x 170.71603pt.
Package babel Info: Redefining spanish shorthand <<
(babel)             in language  on input line 279.
Package babel Info: Redefining spanish shorthand >>
(babel)             in language  on input line 279.
Package babel Info: Redefining spanish shorthand "=
(babel)             in language  on input line 279.
Package babel Info: Redefining spanish shorthand "~
(babel)             in language  on input line 279.
Package babel Info: Redefining spanish shorthand "!
(babel)             in language  on input line 279.
Package babel Info: Redefining spanish shorthand "?
(babel)             in language  on input line 279.
Package babel Info: Redefining spanish shorthand <<
(babel)             in language  on input line 279.
Package babel Info: Redefining spanish shorthand >>
(babel)             in language  on input line 279.
Package babel Info: Redefining spanish shorthand "=
(babel)             in language  on input line 279.
Package babel Info: Redefining spanish shorthand "~
(babel)             in language  on input line 279.
Package babel Info: Redefining spanish shorthand "!
(babel)             in language  on input line 279.
Package babel Info: Redefining spanish shorthand "?
(babel)             in language  on input line 279.

[9 <./imgs/paso_19.png> <./imgs/paso_20.png> <./imgs/paso_21.png>]
File: ./imgs/logo2.jpg Graphic file (type jpg)
<use ./imgs/logo2.jpg>
Package pdftex.def Info: ./imgs/logo2.jpg  used on input line 280.
(pdftex.def)             Requested size: 108.63097pt x 25.33286pt.
Package babel Info: Redefining spanish shorthand <<
(babel)             in language  on input line 283.
Package babel Info: Redefining spanish shorthand >>
(babel)             in language  on input line 283.
Package babel Info: Redefining spanish shorthand "=
(babel)             in language  on input line 283.
Package babel Info: Redefining spanish shorthand "~
(babel)             in language  on input line 283.
Package babel Info: Redefining spanish shorthand "!
(babel)             in language  on input line 283.
Package babel Info: Redefining spanish shorthand "?
(babel)             in language  on input line 283.
<./imgs/paso_22.png, id=242, 599.99156pt x 507.39563pt>
File: ./imgs/paso_22.png Graphic file (type png)
<use ./imgs/paso_22.png>
Package pdftex.def Info: ./imgs/paso_22.png  used on input line 286.
(pdftex.def)             Requested size: 217.2602pt x 170.71603pt.
Package babel Info: Redefining spanish shorthand <<
(babel)             in language  on input line 289.
Package babel Info: Redefining spanish shorthand >>
(babel)             in language  on input line 289.
Package babel Info: Redefining spanish shorthand "=
(babel)             in language  on input line 289.
Package babel Info: Redefining spanish shorthand "~
(babel)             in language  on input line 289.
Package babel Info: Redefining spanish shorthand "!
(babel)             in language  on input line 289.
Package babel Info: Redefining spanish shorthand "?
(babel)             in language  on input line 289.
<./imgs/paso_23.png, id=243, 599.99156pt x 506.6428pt>
File: ./imgs/paso_23.png Graphic file (type png)
<use ./imgs/paso_23.png>
Package pdftex.def Info: ./imgs/paso_23.png  used on input line 292.
(pdftex.def)             Requested size: 217.2602pt x 170.71013pt.
Package babel Info: Redefining spanish shorthand <<
(babel)             in language  on input line 295.
Package babel Info: Redefining spanish shorthand >>
(babel)             in language  on input line 295.
Package babel Info: Redefining spanish shorthand "=
(babel)             in language  on input line 295.
Package babel Info: Redefining spanish shorthand "~
(babel)             in language  on input line 295.
Package babel Info: Redefining spanish shorthand "!
(babel)             in language  on input line 295.
Package babel Info: Redefining spanish shorthand "?
(babel)             in language  on input line 295.
<./imgs/paso_24.png, id=244, 599.99156pt x 507.39563pt>
File: ./imgs/paso_24.png Graphic file (type png)
<use ./imgs/paso_24.png>
Package pdftex.def Info: ./imgs/paso_24.png  used on input line 298.
(pdftex.def)             Requested size: 217.2602pt x 170.71603pt.
Package babel Info: Redefining spanish shorthand <<
(babel)             in language  on input line 301.
Package babel Info: Redefining spanish shorthand >>
(babel)             in language  on input line 301.
Package babel Info: Redefining spanish shorthand "=
(babel)             in language  on input line 301.
Package babel Info: Redefining spanish shorthand "~
(babel)             in language  on input line 301.
Package babel Info: Redefining spanish shorthand "!
(babel)             in language  on input line 301.
Package babel Info: Redefining spanish shorthand "?
(babel)             in language  on input line 301.
Package babel Info: Redefining spanish shorthand <<
(babel)             in language  on input line 301.
Package babel Info: Redefining spanish shorthand >>
(babel)             in language  on input line 301.
Package babel Info: Redefining spanish shorthand "=
(babel)             in language  on input line 301.
Package babel Info: Redefining spanish shorthand "~
(babel)             in language  on input line 301.
Package babel Info: Redefining spanish shorthand "!
(babel)             in language  on input line 301.
Package babel Info: Redefining spanish shorthand "?
(babel)             in language  on input line 301.
 [10 <./imgs/paso_22.png> <./imgs/paso_23.png> <./imgs/paso_24.png>]
File: ./imgs/logo2.jpg Graphic file (type jpg)
<use ./imgs/logo2.jpg>
Package pdftex.def Info: ./imgs/logo2.jpg  used on input line 302.
(pdftex.def)             Requested size: 108.63097pt x 25.33286pt.
Package babel Info: Redefining spanish shorthand <<
(babel)             in language  on input line 305.
Package babel Info: Redefining spanish shorthand >>
(babel)             in language  on input line 305.
Package babel Info: Redefining spanish shorthand "=
(babel)             in language  on input line 305.
Package babel Info: Redefining spanish shorthand "~
(babel)             in language  on input line 305.
Package babel Info: Redefining spanish shorthand "!
(babel)             in language  on input line 305.
Package babel Info: Redefining spanish shorthand "?
(babel)             in language  on input line 305.
<./imgs/paso_25.png, id=249, 600.74437pt x 505.89pt>
File: ./imgs/paso_25.png Graphic file (type png)
<use ./imgs/paso_25.png>
Package pdftex.def Info: ./imgs/paso_25.png  used on input line 308.
(pdftex.def)             Requested size: 217.2578pt x 170.71892pt.
Package babel Info: Redefining spanish shorthand <<
(babel)             in language  on input line 311.
Package babel Info: Redefining spanish shorthand >>
(babel)             in language  on input line 311.
Package babel Info: Redefining spanish shorthand "=
(babel)             in language  on input line 311.
Package babel Info: Redefining spanish shorthand "~
(babel)             in language  on input line 311.
Package babel Info: Redefining spanish shorthand "!
(babel)             in language  on input line 311.
Package babel Info: Redefining spanish shorthand "?
(babel)             in language  on input line 311.
<./imgs/paso_26.png, id=250, 599.23875pt x 505.89pt>
File: ./imgs/paso_26.png Graphic file (type png)
<use ./imgs/paso_26.png>
Package pdftex.def Info: ./imgs/paso_26.png  used on input line 314.
(pdftex.def)             Requested size: 217.26192pt x 170.71892pt.
Package babel Info: Redefining spanish shorthand <<
(babel)             in language  on input line 317.
Package babel Info: Redefining spanish shorthand >>
(babel)             in language  on input line 317.
Package babel Info: Redefining spanish shorthand "=
(babel)             in language  on input line 317.
Package babel Info: Redefining spanish shorthand "~
(babel)             in language  on input line 317.
Package babel Info: Redefining spanish shorthand "!
(babel)             in language  on input line 317.
Package babel Info: Redefining spanish shorthand "?
(babel)             in language  on input line 317.
<./imgs/paso_27.png, id=251, 599.99156pt x 507.39563pt>
File: ./imgs/paso_27.png Graphic file (type png)
<use ./imgs/paso_27.png>
Package pdftex.def Info: ./imgs/paso_27.png  used on input line 320.
(pdftex.def)             Requested size: 217.2602pt x 170.71603pt.
Package babel Info: Redefining spanish shorthand <<
(babel)             in language  on input line 323.
Package babel Info: Redefining spanish shorthand >>
(babel)             in language  on input line 323.
Package babel Info: Redefining spanish shorthand "=
(babel)             in language  on input line 323.
Package babel Info: Redefining spanish shorthand "~
(babel)             in language  on input line 323.
Package babel Info: Redefining spanish shorthand "!
(babel)             in language  on input line 323.
Package babel Info: Redefining spanish shorthand "?
(babel)             in language  on input line 323.
Package babel Info: Redefining spanish shorthand <<
(babel)             in language  on input line 323.
Package babel Info: Redefining spanish shorthand >>
(babel)             in language  on input line 323.
Package babel Info: Redefining spanish shorthand "=
(babel)             in language  on input line 323.
Package babel Info: Redefining spanish shorthand "~
(babel)             in language  on input line 323.
Package babel Info: Redefining spanish shorthand "!
(babel)             in language  on input line 323.
Package babel Info: Redefining spanish shorthand "?
(babel)             in language  on input line 323.
 [11 <./imgs/paso_25.png> <./imgs/paso_26.png> <./imgs/paso_27.png>]
File: ./imgs/logo2.jpg Graphic file (type jpg)
<use ./imgs/logo2.jpg>
Package pdftex.def Info: ./imgs/logo2.jpg  used on input line 324.
(pdftex.def)             Requested size: 108.63097pt x 25.33286pt.
Package babel Info: Redefining spanish shorthand <<
(babel)             in language  on input line 327.
Package babel Info: Redefining spanish shorthand >>
(babel)             in language  on input line 327.
Package babel Info: Redefining spanish shorthand "=
(babel)             in language  on input line 327.
Package babel Info: Redefining spanish shorthand "~
(babel)             in language  on input line 327.
Package babel Info: Redefining spanish shorthand "!
(babel)             in language  on input line 327.
Package babel Info: Redefining spanish shorthand "?
(babel)             in language  on input line 327.
<./imgs/paso_28.png, id=256, 598.48593pt x 503.63156pt>
File: ./imgs/paso_28.png Graphic file (type png)
<use ./imgs/paso_28.png>
Package pdftex.def Info: ./imgs/paso_28.png  used on input line 330.
(pdftex.def)             Requested size: 217.2538pt x 170.71758pt.
Package babel Info: Redefining spanish shorthand <<
(babel)             in language  on input line 333.
Package babel Info: Redefining spanish shorthand >>
(babel)             in language  on input line 333.
Package babel Info: Redefining spanish shorthand "=
(babel)             in language  on input line 333.
Package babel Info: Redefining spanish shorthand "~
(babel)             in language  on input line 333.
Package babel Info: Redefining spanish shorthand "!
(babel)             in language  on input line 333.
Package babel Info: Redefining spanish shorthand "?
(babel)             in language  on input line 333.
<./imgs/paso_29.png, id=257, 599.23875pt x 505.13719pt>
File: ./imgs/paso_29.png Graphic file (type png)
<use ./imgs/paso_29.png>
Package pdftex.def Info: ./imgs/paso_29.png  used on input line 336.
(pdftex.def)             Requested size: 217.26192pt x 170.71924pt.
Package babel Info: Redefining spanish shorthand <<
(babel)             in language  on input line 339.
Package babel Info: Redefining spanish shorthand >>
(babel)             in language  on input line 339.
Package babel Info: Redefining spanish shorthand "=
(babel)             in language  on input line 339.
Package babel Info: Redefining spanish shorthand "~
(babel)             in language  on input line 339.
Package babel Info: Redefining spanish shorthand "!
(babel)             in language  on input line 339.
Package babel Info: Redefining spanish shorthand "?
(babel)             in language  on input line 339.
<./imgs/paso_30.png, id=258, 598.48593pt x 505.89pt>
File: ./imgs/paso_30.png Graphic file (type png)
<use ./imgs/paso_30.png>
Package pdftex.def Info: ./imgs/paso_30.png  used on input line 342.
(pdftex.def)             Requested size: 217.2538pt x 170.71892pt.
Package babel Info: Redefining spanish shorthand <<
(babel)             in language  on input line 345.
Package babel Info: Redefining spanish shorthand >>
(babel)             in language  on input line 345.
Package babel Info: Redefining spanish shorthand "=
(babel)             in language  on input line 345.
Package babel Info: Redefining spanish shorthand "~
(babel)             in language  on input line 345.
Package babel Info: Redefining spanish shorthand "!
(babel)             in language  on input line 345.
Package babel Info: Redefining spanish shorthand "?
(babel)             in language  on input line 345.
Package babel Info: Redefining spanish shorthand <<
(babel)             in language  on input line 345.
Package babel Info: Redefining spanish shorthand >>
(babel)             in language  on input line 345.
Package babel Info: Redefining spanish shorthand "=
(babel)             in language  on input line 345.
Package babel Info: Redefining spanish shorthand "~
(babel)             in language  on input line 345.
Package babel Info: Redefining spanish shorthand "!
(babel)             in language  on input line 345.
Package babel Info: Redefining spanish shorthand "?
(babel)             in language  on input line 345.
 [12 <./imgs/paso_28.png> <./imgs/paso_29.png> <./imgs/paso_30.png>]
File: ./imgs/logo2.jpg Graphic file (type jpg)
<use ./imgs/logo2.jpg>
Package pdftex.def Info: ./imgs/logo2.jpg  used on input line 346.
(pdftex.def)             Requested size: 108.63097pt x 25.33286pt.
Package babel Info: Redefining spanish shorthand <<
(babel)             in language  on input line 349.
Package babel Info: Redefining spanish shorthand >>
(babel)             in language  on input line 349.
Package babel Info: Redefining spanish shorthand "=
(babel)             in language  on input line 349.
Package babel Info: Redefining spanish shorthand "~
(babel)             in language  on input line 349.
Package babel Info: Redefining spanish shorthand "!
(babel)             in language  on input line 349.
Package babel Info: Redefining spanish shorthand "?
(babel)             in language  on input line 349.
<./imgs/paso_31.png, id=263, 597.73312pt x 505.89pt>
File: ./imgs/paso_31.png Graphic file (type png)
<use ./imgs/paso_31.png>
Package pdftex.def Info: ./imgs/paso_31.png  used on input line 352.
(pdftex.def)             Requested size: 217.26326pt x 170.71892pt.
Package babel Info: Redefining spanish shorthand <<
(babel)             in language  on input line 355.
Package babel Info: Redefining spanish shorthand >>
(babel)             in language  on input line 355.
Package babel Info: Redefining spanish shorthand "=
(babel)             in language  on input line 355.
Package babel Info: Redefining spanish shorthand "~
(babel)             in language  on input line 355.
Package babel Info: Redefining spanish shorthand "!
(babel)             in language  on input line 355.
Package babel Info: Redefining spanish shorthand "?
(babel)             in language  on input line 355.
<./imgs/paso_32.png, id=264, 599.23875pt x 505.89pt>
File: ./imgs/paso_32.png Graphic file (type png)
<use ./imgs/paso_32.png>
Package pdftex.def Info: ./imgs/paso_32.png  used on input line 358.
(pdftex.def)             Requested size: 217.26192pt x 170.71892pt.
Package babel Info: Redefining spanish shorthand <<
(babel)             in language  on input line 361.
Package babel Info: Redefining spanish shorthand >>
(babel)             in language  on input line 361.
Package babel Info: Redefining spanish shorthand "=
(babel)             in language  on input line 361.
Package babel Info: Redefining spanish shorthand "~
(babel)             in language  on input line 361.
Package babel Info: Redefining spanish shorthand "!
(babel)             in language  on input line 361.
Package babel Info: Redefining spanish shorthand "?
(babel)             in language  on input line 361.
<./imgs/paso_33.png, id=265, 598.48593pt x 505.89pt>
File: ./imgs/paso_33.png Graphic file (type png)
<use ./imgs/paso_33.png>
Package pdftex.def Info: ./imgs/paso_33.png  used on input line 364.
(pdftex.def)             Requested size: 217.2538pt x 170.71892pt.
Package babel Info: Redefining spanish shorthand <<
(babel)             in language  on input line 367.
Package babel Info: Redefining spanish shorthand >>
(babel)             in language  on input line 367.
Package babel Info: Redefining spanish shorthand "=
(babel)             in language  on input line 367.
Package babel Info: Redefining spanish shorthand "~
(babel)             in language  on input line 367.
Package babel Info: Redefining spanish shorthand "!
(babel)             in language  on input line 367.
Package babel Info: Redefining spanish shorthand "?
(babel)             in language  on input line 367.
Package babel Info: Redefining spanish shorthand <<
(babel)             in language  on input line 367.
Package babel Info: Redefining spanish shorthand >>
(babel)             in language  on input line 367.
Package babel Info: Redefining spanish shorthand "=
(babel)             in language  on input line 367.
Package babel Info: Redefining spanish shorthand "~
(babel)             in language  on input line 367.
Package babel Info: Redefining spanish shorthand "!
(babel)             in language  on input line 367.
Package babel Info: Redefining spanish shorthand "?
(babel)             in language  on input line 367.
 [13 <./imgs/paso_31.png> <./imgs/paso_32.png> <./imgs/paso_33.png>]
File: ./imgs/logo2.jpg Graphic file (type jpg)
<use ./imgs/logo2.jpg>
Package pdftex.def Info: ./imgs/logo2.jpg  used on input line 368.
(pdftex.def)             Requested size: 108.63097pt x 25.33286pt.
Package babel Info: Redefining spanish shorthand <<
(babel)             in language  on input line 371.
Package babel Info: Redefining spanish shorthand >>
(babel)             in language  on input line 371.
Package babel Info: Redefining spanish shorthand "=
(babel)             in language  on input line 371.
Package babel Info: Redefining spanish shorthand "~
(babel)             in language  on input line 371.
Package babel Info: Redefining spanish shorthand "!
(babel)             in language  on input line 371.
Package babel Info: Redefining spanish shorthand "?
(babel)             in language  on input line 371.
<./imgs/paso_34.png, id=271, 598.48593pt x 505.13719pt>
File: ./imgs/paso_34.png Graphic file (type png)
<use ./imgs/paso_34.png>
Package pdftex.def Info: ./imgs/paso_34.png  used on input line 374.
(pdftex.def)             Requested size: 217.2538pt x 170.71924pt.
Package babel Info: Redefining spanish shorthand <<
(babel)             in language  on input line 377.
Package babel Info: Redefining spanish shorthand >>
(babel)             in language  on input line 377.
Package babel Info: Redefining spanish shorthand "=
(babel)             in language  on input line 377.
Package babel Info: Redefining spanish shorthand "~
(babel)             in language  on input line 377.
Package babel Info: Redefining spanish shorthand "!
(babel)             in language  on input line 377.
Package babel Info: Redefining spanish shorthand "?
(babel)             in language  on input line 377.
<./imgs/paso_35.png, id=272, 598.48593pt x 505.13719pt>
File: ./imgs/paso_35.png Graphic file (type png)
<use ./imgs/paso_35.png>
Package pdftex.def Info: ./imgs/paso_35.png  used on input line 380.
(pdftex.def)             Requested size: 217.2538pt x 170.71924pt.
Package babel Info: Redefining spanish shorthand <<
(babel)             in language  on input line 383.
Package babel Info: Redefining spanish shorthand >>
(babel)             in language  on input line 383.
Package babel Info: Redefining spanish shorthand "=
(babel)             in language  on input line 383.
Package babel Info: Redefining spanish shorthand "~
(babel)             in language  on input line 383.
Package babel Info: Redefining spanish shorthand "!
(babel)             in language  on input line 383.
Package babel Info: Redefining spanish shorthand "?
(babel)             in language  on input line 383.
<./imgs/paso_36.png, id=273, 599.23875pt x 504.38437pt>
File: ./imgs/paso_36.png Graphic file (type png)
<use ./imgs/paso_36.png>
Package pdftex.def Info: ./imgs/paso_36.png  used on input line 386.
(pdftex.def)             Requested size: 217.26192pt x 170.71878pt.
Package babel Info: Redefining spanish shorthand <<
(babel)             in language  on input line 389.
Package babel Info: Redefining spanish shorthand >>
(babel)             in language  on input line 389.
Package babel Info: Redefining spanish shorthand "=
(babel)             in language  on input line 389.
Package babel Info: Redefining spanish shorthand "~
(babel)             in language  on input line 389.
Package babel Info: Redefining spanish shorthand "!
(babel)             in language  on input line 389.
Package babel Info: Redefining spanish shorthand "?
(babel)             in language  on input line 389.
Package babel Info: Redefining spanish shorthand <<
(babel)             in language  on input line 389.
Package babel Info: Redefining spanish shorthand >>
(babel)             in language  on input line 389.
Package babel Info: Redefining spanish shorthand "=
(babel)             in language  on input line 389.
Package babel Info: Redefining spanish shorthand "~
(babel)             in language  on input line 389.
Package babel Info: Redefining spanish shorthand "!
(babel)             in language  on input line 389.
Package babel Info: Redefining spanish shorthand "?
(babel)             in language  on input line 389.
 [14 <./imgs/paso_34.png> <./imgs/paso_35.png> <./imgs/paso_36.png>]
File: ./imgs/logo2.jpg Graphic file (type jpg)
<use ./imgs/logo2.jpg>
Package pdftex.def Info: ./imgs/logo2.jpg  used on input line 390.
(pdftex.def)             Requested size: 108.63097pt x 25.33286pt.
Package babel Info: Redefining spanish shorthand <<
(babel)             in language  on input line 393.
Package babel Info: Redefining spanish shorthand >>
(babel)             in language  on input line 393.
Package babel Info: Redefining spanish shorthand "=
(babel)             in language  on input line 393.
Package babel Info: Redefining spanish shorthand "~
(babel)             in language  on input line 393.
Package babel Info: Redefining spanish shorthand "!
(babel)             in language  on input line 393.
Package babel Info: Redefining spanish shorthand "?
(babel)             in language  on input line 393.
<./imgs/paso_37.png, id=278, 598.48593pt x 505.89pt>
File: ./imgs/paso_37.png Graphic file (type png)
<use ./imgs/paso_37.png>
Package pdftex.def Info: ./imgs/paso_37.png  used on input line 396.
(pdftex.def)             Requested size: 217.2538pt x 170.71892pt.
Package babel Info: Redefining spanish shorthand <<
(babel)             in language  on input line 399.
Package babel Info: Redefining spanish shorthand >>
(babel)             in language  on input line 399.
Package babel Info: Redefining spanish shorthand "=
(babel)             in language  on input line 399.
Package babel Info: Redefining spanish shorthand "~
(babel)             in language  on input line 399.
Package babel Info: Redefining spanish shorthand "!
(babel)             in language  on input line 399.
Package babel Info: Redefining spanish shorthand "?
(babel)             in language  on input line 399.
<./imgs/paso_38.png, id=279, 599.23875pt x 503.63156pt>
File: ./imgs/paso_38.png Graphic file (type png)
<use ./imgs/paso_38.png>
Package pdftex.def Info: ./imgs/paso_38.png  used on input line 402.
(pdftex.def)             Requested size: 217.26192pt x 170.71758pt.
Package babel Info: Redefining spanish shorthand <<
(babel)             in language  on input line 405.
Package babel Info: Redefining spanish shorthand >>
(babel)             in language  on input line 405.
Package babel Info: Redefining spanish shorthand "=
(babel)             in language  on input line 405.
Package babel Info: Redefining spanish shorthand "~
(babel)             in language  on input line 405.
Package babel Info: Redefining spanish shorthand "!
(babel)             in language  on input line 405.
Package babel Info: Redefining spanish shorthand "?
(babel)             in language  on input line 405.
<./imgs/paso_39.png, id=280, 598.48593pt x 507.39563pt>
File: ./imgs/paso_39.png Graphic file (type png)
<use ./imgs/paso_39.png>
Package pdftex.def Info: ./imgs/paso_39.png  used on input line 408.
(pdftex.def)             Requested size: 217.2538pt x 170.71603pt.
Package babel Info: Redefining spanish shorthand <<
(babel)             in language  on input line 411.
Package babel Info: Redefining spanish shorthand >>
(babel)             in language  on input line 411.
Package babel Info: Redefining spanish shorthand "=
(babel)             in language  on input line 411.
Package babel Info: Redefining spanish shorthand "~
(babel)             in language  on input line 411.
Package babel Info: Redefining spanish shorthand "!
(babel)             in language  on input line 411.
Package babel Info: Redefining spanish shorthand "?
(babel)             in language  on input line 411.
Package babel Info: Redefining spanish shorthand <<
(babel)             in language  on input line 411.
Package babel Info: Redefining spanish shorthand >>
(babel)             in language  on input line 411.
Package babel Info: Redefining spanish shorthand "=
(babel)             in language  on input line 411.
Package babel Info: Redefining spanish shorthand "~
(babel)             in language  on input line 411.
Package babel Info: Redefining spanish shorthand "!
(babel)             in language  on input line 411.
Package babel Info: Redefining spanish shorthand "?
(babel)             in language  on input line 411.
 [15 <./imgs/paso_37.png> <./imgs/paso_38.png> <./imgs/paso_39.png>]
File: ./imgs/logo2.jpg Graphic file (type jpg)
<use ./imgs/logo2.jpg>
Package pdftex.def Info: ./imgs/logo2.jpg  used on input line 412.
(pdftex.def)             Requested size: 108.63097pt x 25.33286pt.
Package babel Info: Redefining spanish shorthand <<
(babel)             in language  on input line 415.
Package babel Info: Redefining spanish shorthand >>
(babel)             in language  on input line 415.
Package babel Info: Redefining spanish shorthand "=
(babel)             in language  on input line 415.
Package babel Info: Redefining spanish shorthand "~
(babel)             in language  on input line 415.
Package babel Info: Redefining spanish shorthand "!
(babel)             in language  on input line 415.
Package babel Info: Redefining spanish shorthand "?
(babel)             in language  on input line 415.
<./imgs/paso_40.png, id=288, 541.27219pt x 357.58594pt>
File: ./imgs/paso_40.png Graphic file (type png)
<use ./imgs/paso_40.png>
Package pdftex.def Info: ./imgs/paso_40.png  used on input line 418.
(pdftex.def)             Requested size: 217.2566pt x 170.71718pt.
Package babel Info: Redefining spanish shorthand <<
(babel)             in language  on input line 421.
Package babel Info: Redefining spanish shorthand >>
(babel)             in language  on input line 421.
Package babel Info: Redefining spanish shorthand "=
(babel)             in language  on input line 421.
Package babel Info: Redefining spanish shorthand "~
(babel)             in language  on input line 421.
Package babel Info: Redefining spanish shorthand "!
(babel)             in language  on input line 421.
Package babel Info: Redefining spanish shorthand "?
(babel)             in language  on input line 421.
Package babel Info: Redefining spanish shorthand <<
(babel)             in language  on input line 421.
Package babel Info: Redefining spanish shorthand >>
(babel)             in language  on input line 421.
Package babel Info: Redefining spanish shorthand "=
(babel)             in language  on input line 421.
Package babel Info: Redefining spanish shorthand "~
(babel)             in language  on input line 421.
Package babel Info: Redefining spanish shorthand "!
(babel)             in language  on input line 421.
Package babel Info: Redefining spanish shorthand "?
(babel)             in language  on input line 421.

[16 <./imgs/paso_40.png>]
Package atveryend Info: Empty hook `BeforeClearDocument' on input line 421.
Package atveryend Info: Empty hook `AfterLastShipout' on input line 421.
 (Configuracion.aux
LaTeX Info: Redefining \. on input line 23.
LaTeX Info: Redefining \% on input line 23.
Package cleveref Info: loaded `spanish' language definitions on input line 23.
)
Package atveryend Info: Executing hook `AtVeryEndDocument' on input line 421.
Package atveryend Info: Executing hook `AtEndAfterFileList' on input line 421.


Package rerunfilecheck Warning: File `Configuracion.out' has changed.
(rerunfilecheck)                Rerun to get outlines right
(rerunfilecheck)                or use package `bookmark'.

Package rerunfilecheck Info: Checksums for `Configuracion.out':
(rerunfilecheck)             Before: 65A0D30F0FBE1F58F611DEFA35D156C4;5061
(rerunfilecheck)             After:  1FFC22B56EA6791694FDB0A3DDDFA481;5473.

LaTeX Warning: Label(s) may have changed. Rerun to get cross-references right.

Package atveryend Info: Empty hook `AtVeryVeryEnd' on input line 421.
 ) 
Here is how much of TeX's memory you used:
 18509 strings out of 493305
 350638 string characters out of 3138871
 450464 words of memory out of 3000000
 21674 multiletter control sequences out of 15000+200000
 5158 words of font info for 19 fonts, out of 3000000 for 9000
 1141 hyphenation exceptions out of 8191
 55i,15n,54p,429b,624s stack positions out of 5000i,500n,10000p,200000b,50000s
<C:/Program Files/MiKTeX 2.9/fonts/type1/public/amsfonts/cm/cmbx10.pfb><C:/Program Files/MiKTeX 2.9/fonts/type1/public
/amsfonts/cm/cmbx12.pfb><C:/Program Files/MiKTeX 2.9/fonts/type1/public/amsfonts/cm/cmr10.pfb>
Output written on Configuracion.pdf (16 pages, 1294346 bytes).
PDF statistics:
 321 PDF objects out of 1000 (max. 8388607)
 63 named destinations out of 1000 (max. 500000)
 569 words of extra memory for PDF output out of 10000 (max. 10000000)

