\BOOKMARK [1][-]{section.1}{Configuraci\363n de arranque}{}% 1
\BOOKMARK [2][-]{subsection.1.1}{Reiniciar el equipo}{section.1}% 2
\BOOKMARK [2][-]{subsection.1.2}{Presionar la tecla asociada para acceder al men\372 de configuraci\363n de la BIOS. Normalmente suele ser Delete \(Supr\) o F2 pero dependiendo del fabricante de la misma tambi\351n pudiera ser F1, F10, F11, F12.}{section.1}% 3
\BOOKMARK [2][-]{subsection.1.3}{Desplazarse por los distintos men\372s de la BIOS hasta localizar Advanced BIOS Features \(Caracter\355sticas avanzadas de la BIOS\), dependiendo del fabricante. tambi\351n puede aparecer como Boot dentro del men\372 mostrado en la parte superior \(seg\372n la imagen\), o incluso alguna otra opci\363n diferente.}{section.1}% 4
\BOOKMARK [2][-]{subsection.1.4}{Modificar la opci\363n First Boot Device \(Primer dispositivo de arranque\) eligiendo seg\372n nuestras necesidades: CD, Floppy, USB \(Remove device\).}{section.1}% 5
\BOOKMARK [2][-]{subsection.1.5}{Salir y guardar los cambios. Esta opci\363n suele realizarse pulsando F10 \(Save \040Exit Setup\) y luego confirmando la operaci\363n en el men\372 de confirmaci\363n.}{section.1}% 6
\BOOKMARK [1][-]{section.2}{Configuraci\363n del S.O.}{}% 7
\BOOKMARK [2][-]{subsection.2.1}{Creaci\363n de maquina Servidor}{section.2}% 8
\BOOKMARK [2][-]{subsection.2.2}{Creaci\363n de disco duro \(HDD\)}{section.2}% 9
\BOOKMARK [2][-]{subsection.2.3}{Se inserta ISO a unidad \363ptica}{section.2}% 10
\BOOKMARK [2][-]{subsection.2.4}{Se habilita 1 tarjeta de red}{section.2}% 11
\BOOKMARK [2][-]{subsection.2.5}{Se habilita segunda tarjeta de red, en esta ocasi\363n de mantendr\341 como desconectada mientras se realiza la instalaci\363n del S.O.}{section.2}% 12
\BOOKMARK [2][-]{subsection.2.6}{Se Inicia MV usando el .ISO configurado inicialmente}{section.2}% 13
\BOOKMARK [2][-]{subsection.2.7}{Selecci\363n de idioma para el proceso de intalaci\363n}{section.2}% 14
\BOOKMARK [2][-]{subsection.2.8}{Selecci\363n de ubicaci\363n}{section.2}% 15
\BOOKMARK [2][-]{subsection.2.9}{Selecci\363n de la distribuci\363n del teclado}{section.2}% 16
\BOOKMARK [2][-]{subsection.2.10}{Selecci\363n de tarjeta de red}{section.2}% 17
\BOOKMARK [2][-]{subsection.2.11}{Configuraci\363n del nombre maquina}{section.2}% 18
\BOOKMARK [2][-]{subsection.2.12}{Ingreso de nombre de dominio de Cliente}{section.2}% 19
\BOOKMARK [2][-]{subsection.2.13}{Configuraci\363n de Password Superusuario o ROOT}{section.2}% 20
\BOOKMARK [2][-]{subsection.2.14}{Introducimos nuevamente la contrase\361a para verificaci\363n}{section.2}% 21
\BOOKMARK [2][-]{subsection.2.15}{Cuenta de usuario administrador}{section.2}% 22
\BOOKMARK [2][-]{subsection.2.16}{Nombre de usuario}{section.2}% 23
\BOOKMARK [2][-]{subsection.2.17}{Contrase\361a de la cuenta de usuario}{section.2}% 24
\BOOKMARK [2][-]{subsection.2.18}{Selecci\363n de zona horaria}{section.2}% 25
\BOOKMARK [2][-]{subsection.2.19}{Seleccionamos el m\351todo de la partici\363n manual}{section.2}% 26
\BOOKMARK [2][-]{subsection.2.20}{Seleccionamos el disco a utilizar}{section.2}% 27
\BOOKMARK [2][-]{subsection.2.21}{Advertencia antes de crear la nueva tabla de particiones}{section.2}% 28
\BOOKMARK [2][-]{subsection.2.22}{Podemos observar el espacio libre}{section.2}% 29
\BOOKMARK [2][-]{subsection.2.23}{Creamos una nueva partici\363n}{section.2}% 30
\BOOKMARK [2][-]{subsection.2.24}{Especificamos el tama\361o de la SWAP, que dejaremos en 1GB}{section.2}% 31
\BOOKMARK [2][-]{subsection.2.25}{Seleccionamos el tipo de Partici\363n creada}{section.2}% 32
\BOOKMARK [2][-]{subsection.2.26}{Seleccionamos Principio para continuar con la creaci\363n de las particiones}{section.2}% 33
\BOOKMARK [2][-]{subsection.2.27}{Podemos observar el resultado del proceso anterior}{section.2}% 34
\BOOKMARK [2][-]{subsection.2.28}{Seleccionamos como se utilizara la partici\363n creada}{section.2}% 35
\BOOKMARK [2][-]{subsection.2.29}{Se finaliza con la creaci\363n del \341rea de intercambio}{section.2}% 36
\BOOKMARK [2][-]{subsection.2.30}{Continuamos, como en los pasos anteriores, con la creaci\363n de las particiones de /root \(Donde se encuentra ubicado el directorio ra\355z '/' con excepci\363n del /boot\) y la partici\363n /home}{section.2}% 37
\BOOKMARK [2][-]{subsection.2.31}{Las particiones fueron creadas y finalizamos con el particionado}{section.2}% 38
\BOOKMARK [2][-]{subsection.2.32}{Despu\351s de confirmar la escritura del particionado, comienza la instalaci\363n}{section.2}% 39
\BOOKMARK [2][-]{subsection.2.33}{Durante la instalaci\363n se despliega la siguiente ventana para la configuraci\363n de los paquetes de Debian, donde debemos seleccionar 'No' porque no contamos con otro disco}{section.2}% 40
\BOOKMARK [2][-]{subsection.2.34}{En la siguiente consulta, selecionamos 'No', para permitir una instalaci\363n reducida del S.O.}{section.2}% 41
\BOOKMARK [2][-]{subsection.2.35}{Configuramos el gestor de paquetes para que nuestra distribuci\363n se mantenga actualizada}{section.2}% 42
\BOOKMARK [2][-]{subsection.2.36}{Instalaci\363n del gestor de arranque multiple GRUB}{section.2}% 43
\BOOKMARK [2][-]{subsection.2.37}{Selecci\363n de la ubicaci\363n del gestor de arranque GRUB}{section.2}% 44
\BOOKMARK [2][-]{subsection.2.38}{Mensaje del t\351rmino de la Instlacion del S.O.}{section.2}% 45
\BOOKMARK [2][-]{subsection.2.39}{Reinicio de la maquina y arranque del servidor}{section.2}% 46
